<?xml version="1.0" encoding="utf-8"?><testsuites name="pytest tests"><testsuite name="pytest" errors="0" failures="0" skipped="0" tests="13" time="1.479" timestamp="2026-05-08T15:22:33.165404+00:00" hostname="agent-env-51d15dfa-ad0e-4370-abb3-d6c0e1d1515e"><testcase classname="backend.tests.test_auto_tasks.TestRoleEnforcement" name="test_assoc_run_forbidden" time="0.236" /><testcase classname="backend.tests.test_auto_tasks.TestRoleEnforcement" name="test_assoc_list_forbidden" time="0.049" /><testcase classname="backend.tests.test_auto_tasks.TestRoleEnforcement" name="test_assoc_runs_forbidden" time="0.053" /><testcase classname="backend.tests.test_auto_tasks.TestRoleEnforcement" name="test_assoc_kpi_forbidden" time="0.050" /><testcase classname="backend.tests.test_auto_tasks.TestRoleEnforcement" name="test_unauth_run" time="0.127" /><testcase classname="backend.tests.test_auto_tasks.TestRunIdempotency" name="test_run_first_call" time="0.137" /><testcase classname="backend.tests.test_auto_tasks.TestRunIdempotency" name="test_run_second_call_idempotent" time="0.103" /><testcase classname="backend.tests.test_auto_tasks.TestListAutoTasks" name="test_list_shape" time="0.076" /><testcase classname="backend.tests.test_auto_tasks.TestListAutoTasks" name="test_filter_uncompleted" time="0.077" /><testcase classname="backend.tests.test_auto_tasks.TestRunsHistory" name="test_runs_history" time="0.076" /><testcase classname="backend.tests.test_auto_tasks.TestKpiAndCompletion" name="test_kpi_initial_shape" time="0.090" /><testcase classname="backend.tests.test_auto_tasks.TestKpiAndCompletion" name="test_complete_task_shifts_kpi" time="0.232" /><testcase classname="backend.tests.test_auto_tasks.TestAuditAutoTask" name="test_audit_contains_autotask_run" time="0.083" /></testsuite></testsuites>