<?xml version="1.0" encoding="utf-8"?><testsuites name="pytest tests"><testsuite name="pytest" errors="0" failures="0" skipped="0" tests="4" time="29.816" timestamp="2026-05-20T10:12:19.856264+00:00" hostname="agent-env-08a75415-0b0e-4c37-9b31-a096a60f524b"><testcase classname="backend.tests.test_iteration_84h_footfall_outside_turnin.TestFootfallEndpoint" name="test_footfall_rows_have_outside_and_turnin" time="1.779" /><testcase classname="backend.tests.test_iteration_84h_footfall_outside_turnin.TestFootfallEndpoint" name="test_footfall_at_least_one_row_has_outside_traffic" time="0.114" /><testcase classname="backend.tests.test_iteration_84h_footfall_outside_turnin.TestWeekdayPatternEndpoint" name="test_weekday_pattern_per_row_has_new_fields" time="27.595" /><testcase classname="backend.tests.test_iteration_84h_footfall_outside_turnin.TestWeekdayPatternEndpoint" name="test_weekday_pattern_group_avg_has_new_fields" time="0.255" /></testsuite></testsuites>