<?xml version="1.0" encoding="utf-8"?><testsuites name="pytest tests"><testsuite name="pytest" errors="0" failures="1" skipped="0" tests="6" time="103.236" timestamp="2026-04-28T13:08:27.008695+00:00" hostname="agent-env-08a75415-0b0e-4c37-9b31-a096a60f524b"><testcase classname="backend.tests.test_iteration_35.TestSorAllStyles" name="test_returns_list_with_expected_columns" time="14.900" /><testcase classname="backend.tests.test_iteration_35.TestSorAllStyles" name="test_with_country_channel_brand_filters" time="1.003" /><testcase classname="backend.tests.test_iteration_35.TestSorAllStyles" name="test_unauth" time="0.141" /><testcase classname="backend.tests.test_iteration_35.TestStyleSkuBreakdown" name="test_breakdown_shape" time="86.624"><failure message="AssertionError: 502: The preview environment is not responding. It may be starting up.&#10;  &#10;assert 502 == 200&#10; +  where 502 = &lt;Response [502]&gt;.status_code">backend/tests/test_iteration_35.py:122: in test_breakdown_shape
    assert r.status_code == 200, f"{r.status_code}: {r.text[:300]}"
E   AssertionError: 502: The preview environment is not responding. It may be starting up.
E     
E   assert 502 == 200
E    +  where 502 = &lt;Response [502]&gt;.status_code</failure></testcase><testcase classname="backend.tests.test_iteration_35.TestStyleSkuBreakdown" name="test_unauth" time="0.342" /><testcase classname="backend.tests.test_iteration_35.TestL10Regression" name="test_l10_style_names_not_duplicated" time="0.140" /></testsuite></testsuites>