<?xml version="1.0" encoding="utf-8"?><testsuites name="pytest tests"><testsuite name="pytest" errors="0" failures="0" skipped="0" tests="10" time="16.909" timestamp="2026-05-29T16:31:19.627985+00:00" hostname="agent-env-08a75415-0b0e-4c37-9b31-a096a60f524b"><testcase classname="backend.tests.test_iteration_89_marketing" name="test_inventory_style_counts" time="8.970" /><testcase classname="backend.tests.test_iteration_89_marketing" name="test_inventory_style_status_filter[active]" time="1.785" /><testcase classname="backend.tests.test_iteration_89_marketing" name="test_inventory_style_status_filter[retired]" time="0.434" /><testcase classname="backend.tests.test_iteration_89_marketing" name="test_inventory_style_status_filter[all]" time="1.488" /><testcase classname="backend.tests.test_iteration_89_marketing" name="test_marketing_slow_movers_shape" time="0.571" /><testcase classname="backend.tests.test_iteration_89_marketing" name="test_marketing_heatmap_shape" time="0.205" /><testcase classname="backend.tests.test_iteration_89_marketing" name="test_marketing_flags_list_and_filter" time="0.356" /><testcase classname="backend.tests.test_iteration_89_marketing" name="test_patch_marketing_flag_validation_and_update" time="1.040" /><testcase classname="backend.tests.test_iteration_89_marketing" name="test_bulk_status_update" time="0.707" /><testcase classname="backend.tests.test_iteration_89_marketing" name="test_auto_flag_no_duplicates" time="1.262" /></testsuite></testsuites>