<?xml version="1.0" encoding="utf-8"?><testsuites name="pytest tests"><testsuite name="pytest" errors="0" failures="0" skipped="0" tests="4" time="15.675" timestamp="2026-06-01T13:03:18.915300+00:00" hostname="agent-env-08a75415-0b0e-4c37-9b31-a096a60f524b"><testcase classname="backend.tests.test_iteration_91o_regression" name="test_walk_ins_has_unreliable_flag" time="15.260" /><testcase classname="backend.tests.test_iteration_91o_regression" name="test_reconciliation_check_renamed_walkin_denominator" time="0.206" /><testcase classname="backend.tests.test_iteration_91o_regression" name="test_kpis_return_rate_present" time="0.146" /><testcase classname="backend.tests.test_iteration_91o_regression" name="test_iss009_guard_logic_unit" time="0.000" /></testsuite></testsuites>