<?xml version="1.0" encoding="utf-8"?><testsuites name="pytest tests"><testsuite name="pytest" errors="0" failures="0" skipped="0" tests="14" time="67.400" timestamp="2026-05-18T12:07:59.236556+00:00" hostname="agent-env-51d15dfa-ad0e-4370-abb3-d6c0e1d1515e"><testcase classname="backend.tests.test_iter16_new_features.TestMoments" name="test_list_moments_empty_or_list" time="0.313" /><testcase classname="backend.tests.test_iter16_new_features.TestMoments" name="test_create_moment_and_persist" time="0.312" /><testcase classname="backend.tests.test_iter16_new_features.TestMoments" name="test_create_moment_bad_type_400" time="0.152" /><testcase classname="backend.tests.test_iter16_new_features.TestMoments" name="test_create_moment_all_valid_types" time="1.408" /><testcase classname="backend.tests.test_iter16_new_features.TestMoments" name="test_delete_moment" time="0.231" /><testcase classname="backend.tests.test_iter16_new_features.TestDraftMessage" name="test_draft_checkin_warm" time="21.632" /><testcase classname="backend.tests.test_iter16_new_features.TestDraftMessage" name="test_draft_supported_intents[winback]" time="7.096" /><testcase classname="backend.tests.test_iter16_new_features.TestDraftMessage" name="test_draft_supported_intents[birthday]" time="7.237" /><testcase classname="backend.tests.test_iter16_new_features.TestDraftMessage" name="test_draft_supported_intents[new_arrivals]" time="7.598" /><testcase classname="backend.tests.test_iter16_new_features.TestDraftMessage" name="test_draft_supported_intents[thank_you]" time="7.193" /><testcase classname="backend.tests.test_iter16_new_features.TestDraftMessage" name="test_draft_custom_intent" time="8.541" /><testcase classname="backend.tests.test_iter16_new_features.TestDraftMessage" name="test_draft_404_for_unknown_customer" time="0.178" /><testcase classname="backend.tests.test_iter16_new_features.TestVoiceNote" name="test_voice_note_endpoint_accepts_audio" time="5.146" /><testcase classname="backend.tests.test_iter16_new_features.TestSegmentFiltersRegression" name="test_segments_filters_200" time="0.149" /></testsuite></testsuites>