<?xml version="1.0" encoding="utf-8"?><testsuites name="pytest tests"><testsuite name="pytest" errors="0" failures="1" skipped="2" tests="18" time="10.152" timestamp="2026-05-12T07:40:21.088767+00:00" hostname="agent-env-08a75415-0b0e-4c37-9b31-a096a60f524b"><testcase classname="backend.tests.test_iteration_63_bootstrap_overview.TestAuth" name="test_admin_login" time="0.371" /><testcase classname="backend.tests.test_iteration_63_bootstrap_overview.TestAuth" name="test_warehouse_login" time="0.342" /><testcase classname="backend.tests.test_iteration_63_bootstrap_overview.TestAuth" name="test_viewer_login" time="0.343" /><testcase classname="backend.tests.test_iteration_63_bootstrap_overview.TestBootstrapOverview" name="test_bootstrap_no_filter" time="1.951" /><testcase classname="backend.tests.test_iteration_63_bootstrap_overview.TestBootstrapOverview" name="test_bootstrap_with_country_filter" time="1.042" /><testcase classname="backend.tests.test_iteration_63_bootstrap_overview.TestBootstrapOverview" name="test_bootstrap_with_compare" time="1.726" /><testcase classname="backend.tests.test_iteration_63_bootstrap_overview.TestBootstrapOverview" name="test_bootstrap_warm_is_fast" time="1.461" /><testcase classname="backend.tests.test_iteration_63_bootstrap_overview.TestCustomersReactivationKPI" name="test_reactivation_rate_present" time="0.364"><skipped type="pytest.skip" message="reactivation rate KPI not found in customer endpoints (last status=n/a)">/app/backend/tests/test_iteration_63_bootstrap_overview.py:199: reactivation rate KPI not found in customer endpoints (last status=n/a)</skipped></testcase><testcase classname="backend.tests.test_iteration_63_bootstrap_overview.TestSORStyleNumber" name="test_sor_all_styles_has_style_number" time="0.246" /><testcase classname="backend.tests.test_iteration_63_bootstrap_overview.TestTargetsMTDMatchesOverview" name="test_targets_mtd_equals_overview_total" time="0.484"><skipped type="pytest.skip" message="Targets MTD endpoint/field not located">/app/backend/tests/test_iteration_63_bootstrap_overview.py:271: Targets MTD endpoint/field not located</skipped></testcase><testcase classname="backend.tests.test_iteration_63_bootstrap_overview.TestReplenishmentRBAC" name="test_warehouse_can_access_report" time="0.535" /><testcase classname="backend.tests.test_iteration_63_bootstrap_overview.TestReplenishmentRBAC" name="test_viewer_cannot_access_report" time="0.500"><failure message="AssertionError: viewer got 200&#10;assert 200 in (401, 403, 404)&#10; +  where 200 = &lt;Response [200]&gt;.status_code">E   AssertionError: viewer got 200
    assert 200 in (401, 403, 404)
     +  where 200 = &lt;Response [200]&gt;.status_code</failure></testcase><testcase classname="backend.tests.test_iteration_63_bootstrap_overview.TestReplenishmentRBAC" name="test_ibt_dedup_no_duplicates" time="0.114" /><testcase classname="backend.tests.test_iteration_63_bootstrap_overview.TestLegacyOverviewSmoke" name="test_legacy_endpoint_alive[/country-summary]" time="0.108" /><testcase classname="backend.tests.test_iteration_63_bootstrap_overview.TestLegacyOverviewSmoke" name="test_legacy_endpoint_alive[/sales-summary]" time="0.132" /><testcase classname="backend.tests.test_iteration_63_bootstrap_overview.TestLegacyOverviewSmoke" name="test_legacy_endpoint_alive[/sor]" time="0.115" /><testcase classname="backend.tests.test_iteration_63_bootstrap_overview.TestLegacyOverviewSmoke" name="test_legacy_endpoint_alive[/footfall]" time="0.122" /><testcase classname="backend.tests.test_iteration_63_bootstrap_overview.TestLegacyOverviewSmoke" name="test_legacy_endpoint_alive[/locations]" time="0.126" /></testsuite></testsuites>