<?xml version="1.0" encoding="utf-8"?><testsuites name="pytest tests"><testsuite name="pytest" errors="0" failures="0" skipped="0" tests="7" time="11.738" timestamp="2026-05-07T09:50:51.797362+00:00" hostname="agent-env-08a75415-0b0e-4c37-9b31-a096a60f524b"><testcase classname="backend.tests.test_iteration_49_kpi_trend.TestKpiTrendDay" name="test_daily_three_day_kenya_returns_three_rows" time="2.218" /><testcase classname="backend.tests.test_iteration_49_kpi_trend.TestKpiTrendDay" name="test_daily_non_zero_returns_discount_abv" time="0.132" /><testcase classname="backend.tests.test_iteration_49_kpi_trend.TestKpiTrendDay" name="test_daily_one_month_count_and_sum_matches_kpis" time="3.878" /><testcase classname="backend.tests.test_iteration_49_kpi_trend.TestKpiTrendWeek" name="test_week_labels_and_intersection" time="1.137" /><testcase classname="backend.tests.test_iteration_49_kpi_trend.TestKpiTrendMonth" name="test_month_one_row_per_calendar_month" time="1.054" /><testcase classname="backend.tests.test_iteration_49_kpi_trend.TestKpiTrendQuarter" name="test_quarter_label_format" time="0.959" /><testcase classname="backend.tests.test_iteration_49_kpi_trend.TestKpiTrendCsvCountry" name="test_csv_country_sums_to_individual" time="2.297" /></testsuite></testsuites>