<?xml version="1.0" encoding="utf-8"?><testsuites name="pytest tests"><testsuite name="pytest" errors="0" failures="0" skipped="0" tests="18" time="4.775" timestamp="2026-04-24T18:22:30.165762+00:00" hostname="agent-env-08a75415-0b0e-4c37-9b31-a096a60f524b"><testcase classname="backend.tests.test_iteration_26_thumbnails_pricing.TestThumbnailsAuth" name="test_lookup_requires_auth" time="0.278" /><testcase classname="backend.tests.test_iteration_26_thumbnails_pricing.TestThumbnailsAuth" name="test_upsert_requires_admin" time="0.064" /><testcase classname="backend.tests.test_iteration_26_thumbnails_pricing.TestThumbnailsAuth" name="test_delete_requires_admin" time="0.048" /><testcase classname="backend.tests.test_iteration_26_thumbnails_pricing.TestThumbnailsCrud" name="test_lookup_empty_for_nonexistent" time="0.490" /><testcase classname="backend.tests.test_iteration_26_thumbnails_pricing.TestThumbnailsCrud" name="test_upsert_create" time="0.056" /><testcase classname="backend.tests.test_iteration_26_thumbnails_pricing.TestThumbnailsCrud" name="test_lookup_returns_saved" time="0.056" /><testcase classname="backend.tests.test_iteration_26_thumbnails_pricing.TestThumbnailsCrud" name="test_upsert_update" time="0.118" /><testcase classname="backend.tests.test_iteration_26_thumbnails_pricing.TestThumbnailsCrud" name="test_list_contains_style" time="0.052" /><testcase classname="backend.tests.test_iteration_26_thumbnails_pricing.TestThumbnailsCrud" name="test_bulk_upsert" time="0.172" /><testcase classname="backend.tests.test_iteration_26_thumbnails_pricing.TestThumbnailsCrud" name="test_delete_and_verify" time="0.105" /><testcase classname="backend.tests.test_iteration_26_thumbnails_pricing.TestThumbnailsCrud" name="test_delete_missing_is_404" time="0.057" /><testcase classname="backend.tests.test_iteration_26_thumbnails_pricing.TestThumbnailsCrud" name="test_upsert_rejects_bad_url" time="0.052" /><testcase classname="backend.tests.test_iteration_26_thumbnails_pricing.TestPriceChanges" name="test_missing_dates_400" time="0.055" /><testcase classname="backend.tests.test_iteration_26_thumbnails_pricing.TestPriceChanges" name="test_bad_date_format_400" time="0.051" /><testcase classname="backend.tests.test_iteration_26_thumbnails_pricing.TestPriceChanges" name="test_inverted_dates_400" time="0.052" /><testcase classname="backend.tests.test_iteration_26_thumbnails_pricing.TestPriceChanges" name="test_default_window" time="1.826" /><testcase classname="backend.tests.test_iteration_26_thumbnails_pricing.TestPriceChanges" name="test_filter_shrinks_rows" time="1.125" /><testcase classname="backend.tests.test_iteration_26_thumbnails_pricing.TestPriceChanges" name="test_requires_auth" time="0.051" /></testsuite></testsuites>