<?xml version="1.0" encoding="utf-8"?><testsuites name="pytest tests"><testsuite name="pytest" errors="0" failures="0" skipped="0" tests="6" time="14.984" timestamp="2026-04-24T19:59:55.968652+00:00" hostname="agent-env-08a75415-0b0e-4c37-9b31-a096a60f524b"><testcase classname="backend.tests.test_iteration_30_net_sales.TestKpisShape" name="test_kpis_exposes_total_net_and_gross" time="1.178" /><testcase classname="backend.tests.test_iteration_30_net_sales.TestKpisShape" name="test_kpis_math_sanity" time="0.693" /><testcase classname="backend.tests.test_iteration_30_net_sales.TestSellThroughByLocation" name="test_total_equals_net_per_row" time="7.945" /><testcase classname="backend.tests.test_iteration_30_net_sales.TestSellThroughByLocation" name="test_online_shop_zetu_net_lower_than_gross" time="0.805" /><testcase classname="backend.tests.test_iteration_30_net_sales.TestAskStoresNet" name="test_top_stores_by_sales_uses_net" time="4.045" /><testcase classname="backend.tests.test_iteration_30_net_sales.TestSalesSummaryUnchanged" name="test_sales_summary_rows_have_both" time="0.247" /></testsuite></testsuites>