<?xml version="1.0" encoding="utf-8"?><testsuites name="pytest tests"><testsuite name="pytest" errors="0" failures="0" skipped="0" tests="6" time="26.647" timestamp="2026-04-29T14:01:26.563623+00:00" hostname="agent-env-08a75415-0b0e-4c37-9b31-a096a60f524b"><testcase classname="backend.tests.test_iteration_38" name="test_sts_subcat_no_locations_has_units" time="2.566" /><testcase classname="backend.tests.test_iteration_38" name="test_sts_subcat_with_kenya_pos_locations" time="15.816" /><testcase classname="backend.tests.test_iteration_38" name="test_sts_category_with_kenya_pos_locations" time="0.173" /><testcase classname="backend.tests.test_iteration_38" name="test_sts_attribute_color_size_with_kenya_pos_locations" time="0.155" /><testcase classname="backend.tests.test_iteration_38" name="test_sts_subcat_single_kenya_pos" time="6.864" /><testcase classname="backend.tests.test_iteration_38" name="test_country_summary_q2_window" time="1.003" /></testsuite></testsuites>