<?xml version="1.0" encoding="utf-8"?><testsuites name="pytest tests"><testsuite name="pytest" errors="0" failures="0" skipped="0" tests="3" time="0.779" timestamp="2026-05-05T09:01:08.489581+00:00" hostname="agent-env-08a75415-0b0e-4c37-9b31-a096a60f524b"><testcase classname="backend.tests.test_iteration_45_location_breakdown" name="test_location_breakdown_known_style" time="0.499" /><testcase classname="backend.tests.test_iteration_45_location_breakdown" name="test_location_breakdown_nonexistent_style" time="0.103" /><testcase classname="backend.tests.test_iteration_45_location_breakdown" name="test_location_breakdown_cached" time="0.112" /></testsuite></testsuites>