<?xml version="1.0" encoding="utf-8"?><testsuites name="pytest tests"><testsuite name="pytest" errors="0" failures="0" skipped="0" tests="11" time="33.678" timestamp="2026-05-07T12:49:17.210035+00:00" hostname="agent-env-08a75415-0b0e-4c37-9b31-a096a60f524b"><testcase classname="backend.tests.test_iteration_51_allocations_feedback" name="test_sizes_table_has_all_12_ratios" time="0.608" /><testcase classname="backend.tests.test_iteration_51_allocations_feedback" name="test_allocation_stores_excludes_online_and_warehouse" time="0.163" /><testcase classname="backend.tests.test_iteration_51_allocations_feedback" name="test_calculate_happy_path_invariants" time="0.227" /><testcase classname="backend.tests.test_iteration_51_allocations_feedback" name="test_calculate_velocity_extremes_change_winner" time="29.914" /><testcase classname="backend.tests.test_iteration_51_allocations_feedback" name="test_calculate_invalid_size_returns_400" time="0.120" /><testcase classname="backend.tests.test_iteration_51_allocations_feedback" name="test_calculate_units_below_pack_size_returns_400" time="0.128" /><testcase classname="backend.tests.test_iteration_51_allocations_feedback" name="test_ibt_warehouse_to_store_no_online_destinations" time="1.107" /><testcase classname="backend.tests.test_iteration_51_allocations_feedback" name="test_feedback_list_admin" time="0.274" /><testcase classname="backend.tests.test_iteration_51_allocations_feedback" name="test_feedback_mine_returns_only_own" time="0.141" /><testcase classname="backend.tests.test_iteration_51_allocations_feedback" name="test_feedback_patch_toggle_resolved" time="0.325" /><testcase classname="backend.tests.test_iteration_51_allocations_feedback" name="test_feedback_admin_only_for_list_and_patch" time="0.611" /></testsuite></testsuites>