<?xml version="1.0" encoding="utf-8"?><testsuites name="pytest tests"><testsuite name="pytest" errors="0" failures="0" skipped="0" tests="11" time="45.458" timestamp="2026-04-30T05:56:49.304364+00:00" hostname="agent-env-08a75415-0b0e-4c37-9b31-a096a60f524b"><testcase classname="backend.tests.test_iteration_40d_country_stock" name="test_by_category_kenya_vs_uganda_vs_rwanda_distinct_stock" time="14.007" /><testcase classname="backend.tests.test_iteration_40d_country_stock" name="test_by_category_kenya_has_units_sold_and_stock" time="0.152" /><testcase classname="backend.tests.test_iteration_40d_country_stock" name="test_by_subcat_kenya_vs_uganda_distinct_stock" time="0.222" /><testcase classname="backend.tests.test_iteration_40d_country_stock" name="test_by_subcat_rwanda_stock_lowest_among_physical" time="0.271" /><testcase classname="backend.tests.test_iteration_40d_country_stock" name="test_by_subcat_no_country_global_pass_through" time="2.448" /><testcase classname="backend.tests.test_iteration_40d_country_stock" name="test_by_category_no_country_global" time="0.134" /><testcase classname="backend.tests.test_iteration_40d_country_stock" name="test_by_category_kenya_plus_pos_narrows_stock" time="25.797" /><testcase classname="backend.tests.test_iteration_40d_country_stock" name="test_by_attribute_kenya_country_scoped" time="0.380" /><testcase classname="backend.tests.test_iteration_40d_country_stock" name="test_kpis_kenya" time="0.589" /><testcase classname="backend.tests.test_iteration_40d_country_stock" name="test_country_summary_q2" time="0.595" /><testcase classname="backend.tests.test_iteration_40d_country_stock" name="test_multi_country_by_subcat" time="0.775" /></testsuite></testsuites>