<?xml version="1.0" encoding="utf-8"?><testsuites name="pytest tests"><testsuite name="pytest" errors="0" failures="0" skipped="0" tests="19" time="44.933" timestamp="2026-05-08T10:24:16.163960+00:00" hostname="agent-env-08a75415-0b0e-4c37-9b31-a096a60f524b"><testcase classname="backend.tests.test_iteration_61.TestAllocationsCalculate" name="test_calculate_returns_warehouse_online_store_split" time="0.743" /><testcase classname="backend.tests.test_iteration_61.TestAllocationsCalculate" name="test_rows_carry_channel_asp_score_asp_kes" time="0.300" /><testcase classname="backend.tests.test_iteration_61.TestAllocationsCalculate" name="test_zero_weights_falls_back_no_500" time="0.300" /><testcase classname="backend.tests.test_iteration_61.TestAllocationsCalculate" name="test_default_weights_no_wh_no_online" time="0.299" /><testcase classname="backend.tests.test_iteration_61.TestAllocationsCalculate" name="test_unbalanced_weights_renormalised" time="0.304" /><testcase classname="backend.tests.test_iteration_61.TestAllocationsSave" name="test_save_accepts_new_optional_fields" time="0.360" /><testcase classname="backend.tests.test_iteration_61.TestIBTEnrichment" name="test_ibt_suggestions_has_days_lapsed_and_first_seen_at" time="13.346" /><testcase classname="backend.tests.test_iteration_61.TestIBTEnrichment" name="test_ibt_warehouse_to_store_has_days_lapsed" time="17.893" /><testcase classname="backend.tests.test_iteration_61.TestMonthlyTargets" name="test_monthly_targets_per_store_pace_metrics" time="5.299" /><testcase classname="backend.tests.test_iteration_61.TestMonthlyTargets" name="test_monthly_targets_future_rows_have_suggested_qty_and_basket" time="0.092" /><testcase classname="backend.tests.test_iteration_61.TestIBTSkuBreakdown" name="test_barcode_populated_for_meru_to_sarit_poncho" time="1.758" /><testcase classname="backend.tests.test_iteration_61" name="test_smoke_endpoints_200[/api/auth/me]" time="0.052" /><testcase classname="backend.tests.test_iteration_61" name="test_smoke_endpoints_200[/api/kpis]" time="0.841" /><testcase classname="backend.tests.test_iteration_61" name="test_smoke_endpoints_200[/api/sales-summary]" time="0.510" /><testcase classname="backend.tests.test_iteration_61" name="test_smoke_endpoints_200[/api/inventory]" time="1.088" /><testcase classname="backend.tests.test_iteration_61" name="test_smoke_endpoints_200[/api/footfall]" time="1.336" /><testcase classname="backend.tests.test_iteration_61" name="test_smoke_endpoints_200[/api/analytics/ibt-suggestions]" time="0.083" /><testcase classname="backend.tests.test_iteration_61" name="test_smoke_endpoints_200[/api/analytics/sor-all-styles]" time="0.157" /><testcase classname="backend.tests.test_iteration_61" name="test_smoke_monthly_targets_with_month" time="0.086" /></testsuite></testsuites>