<?xml version="1.0" encoding="utf-8"?><testsuites name="pytest tests"><testsuite name="pytest" errors="0" failures="0" skipped="0" tests="16" time="38.147" timestamp="2026-04-29T15:12:08.873973+00:00" hostname="agent-env-08a75415-0b0e-4c37-9b31-a096a60f524b"><testcase classname="backend.tests.test_iteration_39_country_norm.TestSTSByColor" name="test_kenya_units_and_stock_non_zero" time="20.571" /><testcase classname="backend.tests.test_iteration_39_country_norm.TestSTSByColor" name="test_uganda" time="1.231" /><testcase classname="backend.tests.test_iteration_39_country_norm.TestSTSByColor" name="test_rwanda" time="1.485" /><testcase classname="backend.tests.test_iteration_39_country_norm.TestSTSByColor" name="test_online_units_populated_stock_zero_ok" time="2.454" /><testcase classname="backend.tests.test_iteration_39_country_norm.TestSTSByColor" name="test_kenya_multi_pos" time="2.349" /><testcase classname="backend.tests.test_iteration_39_country_norm.TestSTSByColor" name="test_multi_country_kenya_uganda" time="4.889" /><testcase classname="backend.tests.test_iteration_39_country_norm.TestSTSBySize" name="test_kenya" time="0.105" /><testcase classname="backend.tests.test_iteration_39_country_norm.TestSTSBySize" name="test_uganda" time="0.065" /><testcase classname="backend.tests.test_iteration_39_country_norm.TestSTSBySize" name="test_rwanda" time="0.068" /><testcase classname="backend.tests.test_iteration_39_country_norm.TestSTSBySize" name="test_kenya_multi_pos" time="0.056" /><testcase classname="backend.tests.test_iteration_39_country_norm.TestSTSRegression" name="test_subcat_kenya" time="1.728" /><testcase classname="backend.tests.test_iteration_39_country_norm.TestSTSRegression" name="test_category_kenya" time="0.062" /><testcase classname="backend.tests.test_iteration_39_country_norm.TestInventoryLowercase" name="test_inventory_list_kenya" time="1.123" /><testcase classname="backend.tests.test_iteration_39_country_norm.TestInventoryLowercase" name="test_inventory_summary_kenya" time="0.115" /><testcase classname="backend.tests.test_iteration_39_country_norm.TestKpisLowercase" name="test_kpis_kenya_lowercase" time="0.779" /><testcase classname="backend.tests.test_iteration_39_country_norm.TestCountrySummary" name="test_q2_window" time="0.982" /></testsuite></testsuites>