<?xml version="1.0" encoding="utf-8"?><testsuites name="pytest tests"><testsuite name="pytest" errors="0" failures="0" skipped="0" tests="11" time="5.643" timestamp="2026-06-01T08:22:49.748615+00:00" hostname="agent-env-08a75415-0b0e-4c37-9b31-a096a60f524b"><testcase classname="backend.tests.test_iteration_91e_stock_mix_wh_stores.TestCustomRange" name="test_custom_range_honoured" time="2.076" /><testcase classname="backend.tests.test_iteration_91e_stock_mix_wh_stores.TestCustomRange" name="test_swapped_when_from_greater_than_to" time="0.262" /><testcase classname="backend.tests.test_iteration_91e_stock_mix_wh_stores.TestCustomRange" name="test_only_date_from_falls_back_to_window_days" time="0.394" /><testcase classname="backend.tests.test_iteration_91e_stock_mix_wh_stores.TestCustomRange" name="test_only_date_to_falls_back_to_window_days" time="2.049" /><testcase classname="backend.tests.test_iteration_91e_stock_mix_wh_stores.TestWarehouseStoresFields" name="test_total_fields_present" time="0.350" /><testcase classname="backend.tests.test_iteration_91e_stock_mix_wh_stores.TestWarehouseStoresFields" name="test_total_warehouse_plus_stores_equals_total" time="0.000" /><testcase classname="backend.tests.test_iteration_91e_stock_mix_wh_stores.TestWarehouseStoresFields" name="test_total_pcts_sum_to_100" time="0.000" /><testcase classname="backend.tests.test_iteration_91e_stock_mix_wh_stores.TestWarehouseStoresFields" name="test_category_rows_have_split_fields" time="0.000" /><testcase classname="backend.tests.test_iteration_91e_stock_mix_wh_stores.TestWarehouseStoresFields" name="test_subcategory_rows_have_split_fields" time="0.000" /><testcase classname="backend.tests.test_iteration_91e_stock_mix_wh_stores.TestWarehouseStoresFields" name="test_per_row_pcts_sum_to_100_when_stocked" time="0.000" /><testcase classname="backend.tests.test_iteration_91e_stock_mix_wh_stores.TestCustomRangeWithSplit" name="test_custom_range_keeps_split_invariant" time="0.443" /></testsuite></testsuites>