<?xml version="1.0" encoding="utf-8"?><testsuites name="pytest tests"><testsuite name="pytest" errors="0" failures="0" skipped="0" tests="11" time="2.082" timestamp="2026-05-08T18:28:55.377477+00:00" hostname="agent-env-51d15dfa-ad0e-4370-abb3-d6c0e1d1515e"><testcase classname="backend.tests.test_iter10_overview.TestOverview" name="test_manager_ok" time="0.325" /><testcase classname="backend.tests.test_iter10_overview.TestOverview" name="test_associate_403" time="0.170" /><testcase classname="backend.tests.test_iter10_overview.TestPurchaseFrequency" name="test_manager_ok" time="0.186" /><testcase classname="backend.tests.test_iter10_overview.TestPurchaseFrequency" name="test_associate_403" time="0.181" /><testcase classname="backend.tests.test_iter10_overview.TestNewCustomers" name="test_window_returns_correct_shape[30]" time="0.142" /><testcase classname="backend.tests.test_iter10_overview.TestNewCustomers" name="test_window_returns_correct_shape[60]" time="0.133" /><testcase classname="backend.tests.test_iter10_overview.TestNewCustomers" name="test_window_returns_correct_shape[90]" time="0.146" /><testcase classname="backend.tests.test_iter10_overview.TestNewCustomers" name="test_window_counts_monotonic" time="0.323" /><testcase classname="backend.tests.test_iter10_overview.TestNewCustomers" name="test_associate_403" time="0.136" /><testcase classname="backend.tests.test_iter10_overview.TestDropoffForecast" name="test_manager_ok" time="0.149" /><testcase classname="backend.tests.test_iter10_overview.TestDropoffForecast" name="test_associate_403" time="0.129" /></testsuite></testsuites>