<?xml version="1.0" encoding="utf-8"?><testsuites name="pytest tests"><testsuite name="pytest" errors="0" failures="0" skipped="0" tests="17" time="12.068" timestamp="2026-05-13T13:53:48.978275+00:00" hostname="agent-env-51d15dfa-ad0e-4370-abb3-d6c0e1d1515e"><testcase classname="backend.tests.test_training" name="test_endpoint_200[health]" time="0.814" /><testcase classname="backend.tests.test_training" name="test_endpoint_200[filters]" time="0.747" /><testcase classname="backend.tests.test_training" name="test_endpoint_200[overview]" time="0.776" /><testcase classname="backend.tests.test_training" name="test_endpoint_200[training-status]" time="0.762" /><testcase classname="backend.tests.test_training" name="test_endpoint_200[by-department]" time="0.251" /><testcase classname="backend.tests.test_training" name="test_endpoint_200[by-delivery-method]" time="0.742" /><testcase classname="backend.tests.test_training" name="test_endpoint_200[duration]" time="0.748" /><testcase classname="backend.tests.test_training" name="test_endpoint_200[budget]" time="0.736" /><testcase classname="backend.tests.test_training" name="test_endpoint_200[top-employees]" time="0.282" /><testcase classname="backend.tests.test_training" name="test_endpoint_200[monthly-trend]" time="0.741" /><testcase classname="backend.tests.test_training" name="test_endpoint_200[facilitators]" time="0.247" /><testcase classname="backend.tests.test_training" name="test_endpoint_200[lateness]" time="0.824" /><testcase classname="backend.tests.test_training" name="test_overview_shape" time="0.754" /><testcase classname="backend.tests.test_training" name="test_filters_shape" time="0.736" /><testcase classname="backend.tests.test_training" name="test_lateness_shifted_by_3h" time="1.528" /><testcase classname="backend.tests.test_training" name="test_overview_filter_passthrough" time="1.015" /><testcase classname="backend.tests.test_training" name="test_auth_required" time="0.133" /></testsuite></testsuites>