<?xml version="1.0" encoding="utf-8"?><testsuites name="pytest tests"><testsuite name="pytest" errors="0" failures="0" skipped="0" tests="23" time="22.059" timestamp="2026-05-14T08:17:38.752615+00:00" hostname="agent-env-51d15dfa-ad0e-4370-abb3-d6c0e1d1515e"><testcase classname="backend.tests.test_training" name="test_endpoint_200[filters]" time="0.936" /><testcase classname="backend.tests.test_training" name="test_endpoint_200[overview]" time="1.442" /><testcase classname="backend.tests.test_training" name="test_endpoint_200[training-status]" time="0.758" /><testcase classname="backend.tests.test_training" name="test_endpoint_200[by-department]" time="0.741" /><testcase classname="backend.tests.test_training" name="test_endpoint_200[by-delivery-method]" time="0.763" /><testcase classname="backend.tests.test_training" name="test_endpoint_200[duration]" time="0.757" /><testcase classname="backend.tests.test_training" name="test_endpoint_200[budget]" time="0.780" /><testcase classname="backend.tests.test_training" name="test_endpoint_200[top-employees]" time="0.238" /><testcase classname="backend.tests.test_training" name="test_endpoint_200[monthly-trend]" time="0.762" /><testcase classname="backend.tests.test_training" name="test_endpoint_200[facilitators]" time="0.727" /><testcase classname="backend.tests.test_training" name="test_endpoint_200[lateness]" time="1.992" /><testcase classname="backend.tests.test_training" name="test_endpoint_200[employee-history]" time="0.762" /><testcase classname="backend.tests.test_training" name="test_lateness_metadata_and_clamping" time="1.572" /><testcase classname="backend.tests.test_training" name="test_top_employees_limit" time="1.307" /><testcase classname="backend.tests.test_training" name="test_employee_history_query" time="0.763" /><testcase classname="backend.tests.test_training" name="test_filter_passthrough_department" time="1.032" /><testcase classname="backend.tests.test_training" name="test_filter_passthrough_date_range" time="0.783" /><testcase classname="backend.tests.test_training" name="test_associate_access" time="0.884" /><testcase classname="backend.tests.test_training" name="test_overview_shape" time="0.789" /><testcase classname="backend.tests.test_training" name="test_filters_shape" time="1.400" /><testcase classname="backend.tests.test_training" name="test_lateness_shifted_by_3h" time="1.004" /><testcase classname="backend.tests.test_training" name="test_overview_filter_passthrough" time="1.542" /><testcase classname="backend.tests.test_training" name="test_auth_required" time="0.203" /></testsuite></testsuites>