<?xml version="1.0" encoding="utf-8"?><testsuites name="pytest tests"><testsuite name="pytest" errors="0" failures="0" skipped="0" tests="11" time="140.518" timestamp="2026-06-01T08:43:09.078223+00:00" hostname="agent-env-08a75415-0b0e-4c37-9b31-a096a60f524b"><testcase classname="tests.test_iteration_91g_shopzetu_warehouse.TestWarehouseHelperUnit" name="test_server_is_warehouse_location_true" time="1.888" /><testcase classname="tests.test_iteration_91g_shopzetu_warehouse.TestWarehouseHelperUnit" name="test_marketing_intel_is_warehouse_location_true" time="0.000" /><testcase classname="tests.test_iteration_91g_shopzetu_warehouse.TestWarehouseHelperUnit" name="test_both_helpers_agree_on_zetu" time="0.000" /><testcase classname="tests.test_iteration_91g_shopzetu_warehouse.TestWarehouseHelperUnit" name="test_both_helpers_agree_on_real_store" time="0.000" /><testcase classname="tests.test_iteration_91g_shopzetu_warehouse.TestWarehouseHelperUnit" name="test_helpers_case_insensitive" time="0.000" /><testcase classname="tests.test_iteration_91g_shopzetu_warehouse.TestExecSummaryStockMix" name="test_stock_mix_totals_invariant" time="2.212" /><testcase classname="tests.test_iteration_91g_shopzetu_warehouse.TestSellThroughByLocation" name="test_zetu_excluded_from_rankings" time="0.246" /><testcase classname="tests.test_iteration_91g_shopzetu_warehouse.TestIBTSuggestions" name="test_zetu_not_in_ibt_recommendations" time="1.999" /><testcase classname="tests.test_iteration_91g_shopzetu_warehouse.TestAgedStock" name="test_zetu_not_a_store_row_and_units_in_warehouse" time="131.507" /><testcase classname="tests.test_iteration_91g_shopzetu_warehouse.TestMarketingSlowMovers" name="test_zetu_excluded_from_locations_list" time="2.462" /><testcase classname="tests.test_iteration_91g_shopzetu_warehouse.TestReplenishment" name="test_zetu_not_a_replenishment_destination" time="0.126" /></testsuite></testsuites>