<?xml version="1.0" encoding="utf-8"?><testsuites name="pytest tests"><testsuite name="pytest" errors="0" failures="0" skipped="0" tests="11" time="55.786" timestamp="2026-04-27T16:02:25.864348+00:00" hostname="agent-env-08a75415-0b0e-4c37-9b31-a096a60f524b"><testcase classname="backend.tests.test_iteration_33_walkins_matrix.TestWalkIns" name="test_walk_ins_shape_short_window" time="12.896" /><testcase classname="backend.tests.test_iteration_33_walkins_matrix.TestWalkIns" name="test_walk_ins_by_country_shape" time="0.181" /><testcase classname="backend.tests.test_iteration_33_walkins_matrix.TestWalkIns" name="test_walk_ins_chunking_long_window" time="38.985" /><testcase classname="backend.tests.test_iteration_33_walkins_matrix.TestWalkIns" name="test_walk_ins_requires_auth" time="0.182" /><testcase classname="backend.tests.test_iteration_33_walkins_matrix.TestCategoryCountryMatrix" name="test_matrix_shape" time="1.662" /><testcase classname="backend.tests.test_iteration_33_walkins_matrix.TestCategoryCountryMatrix" name="test_matrix_rows_sorted_desc" time="0.124" /><testcase classname="backend.tests.test_iteration_33_walkins_matrix.TestCategoryCountryMatrix" name="test_matrix_cells_structure" time="0.112" /><testcase classname="backend.tests.test_iteration_33_walkins_matrix.TestCategoryCountryMatrix" name="test_matrix_country_totals_consistent" time="0.118" /><testcase classname="backend.tests.test_iteration_33_walkins_matrix.TestCategoryCountryMatrix" name="test_matrix_requires_auth" time="0.117" /><testcase classname="backend.tests.test_iteration_33_walkins_matrix.TestRegression" name="test_kpis_unchanged" time="1.099" /><testcase classname="backend.tests.test_iteration_33_walkins_matrix.TestRegression" name="test_customers_kpis_unchanged" time="0.132" /></testsuite></testsuites>