<?xml version="1.0" encoding="utf-8"?><testsuites name="pytest tests"><testsuite name="pytest" errors="0" failures="0" skipped="0" tests="5" time="2.515" timestamp="2026-04-29T07:09:04.668358+00:00" hostname="agent-env-08a75415-0b0e-4c37-9b31-a096a60f524b"><testcase classname="backend.tests.test_iteration_37.TestLoginAllowedPages" name="test_admin_login_includes_allowed_pages" time="0.482" /><testcase classname="backend.tests.test_iteration_37.TestLoginAllowedPages" name="test_viewer_login_includes_allowed_pages" time="0.371" /><testcase classname="backend.tests.test_iteration_37.TestMeAllowedPages" name="test_admin_me_returns_all_14_pages" time="0.491" /><testcase classname="backend.tests.test_iteration_37.TestMeAllowedPages" name="test_viewer_me_returns_4_pages_only" time="0.484" /><testcase classname="backend.tests.test_iteration_37.TestLoginMeParity" name="test_login_user_shape_matches_me" time="0.448" /></testsuite></testsuites>