<?xml version="1.0" encoding="utf-8"?><testsuites name="pytest tests"><testsuite name="pytest" errors="0" failures="0" skipped="2" tests="19" time="9.407" timestamp="2026-05-12T10:51:26.652336+00:00" hostname="agent-env-51d15dfa-ad0e-4370-abb3-d6c0e1d1515e"><testcase classname="backend.tests.test_iter12" name="test_timeline_returns_events_sorted_newest_first" time="0.341" /><testcase classname="backend.tests.test_iter12" name="test_churn_reasoning_ok" time="0.105" /><testcase classname="backend.tests.test_iter12" name="test_churn_reasoning_unknown_returns_404" time="0.105" /><testcase classname="backend.tests.test_iter12" name="test_duplicates_manager_ok" time="0.137" /><testcase classname="backend.tests.test_iter12" name="test_duplicates_associate_forbidden" time="0.109"><skipped type="pytest.skip" message="Seed bug: associate session has role=manager — cannot verify 403">/app/backend/tests/test_iter12.py:78: Seed bug: associate session has role=manager — cannot verify 403</skipped></testcase><testcase classname="backend.tests.test_iter12" name="test_upt" time="2.629" /><testcase classname="backend.tests.test_iter12" name="test_return_rate_trend" time="1.652" /><testcase classname="backend.tests.test_iter12" name="test_channel_attribution" time="2.038" /><testcase classname="backend.tests.test_iter12" name="test_templates_at_least_18_with_swahili" time="0.349" /><testcase classname="backend.tests.test_iter12" name="test_templates_performance" time="0.137" /><testcase classname="backend.tests.test_iter12" name="test_dashboard_me_daily_goal_fields" time="0.112" /><testcase classname="backend.tests.test_iter12" name="test_put_daily_goal_and_persistence" time="0.549" /><testcase classname="backend.tests.test_iter12" name="test_winback_bulk_manager_creates_tasks" time="0.139" /><testcase classname="backend.tests.test_iter12" name="test_winback_bulk_associate_forbidden" time="0.172"><skipped type="pytest.skip" message="Seed bug: associate has role=manager">/app/backend/tests/test_iter12.py:176: Seed bug: associate has role=manager</skipped></testcase><testcase classname="backend.tests.test_iter12" name="test_preferences_extra_fields_persist" time="0.244" /><testcase classname="backend.tests.test_iter12" name="test_regression_no_404[/api/auth/me]" time="0.115" /><testcase classname="backend.tests.test_iter12" name="test_regression_no_404[/api/dashboard/me]" time="0.130" /><testcase classname="backend.tests.test_iter12" name="test_regression_no_404[/api/templates]" time="0.148" /><testcase classname="backend.tests.test_iter12" name="test_regression_no_404[/api/bi/upt?date_from=2026-01-01&amp;date_to=2026-02-15]" time="0.106" /></testsuite></testsuites>