<?xml version="1.0" encoding="utf-8"?><testsuites name="pytest tests"><testsuite name="pytest" errors="0" failures="0" skipped="0" tests="3" time="2.016" timestamp="2026-05-20T11:14:21.348452+00:00" hostname="agent-env-08a75415-0b0e-4c37-9b31-a096a60f524b"><testcase classname="tests.test_iteration_85a_churn_rate" name="test_churn_rate_never_exceeds_100_percent" time="0.045" /><testcase classname="tests.test_iteration_85a_churn_rate" name="test_churn_rate_typical_period" time="0.008" /><testcase classname="tests.test_iteration_85a_churn_rate" name="test_churn_rate_handles_timestamp_suffix" time="0.001" /></testsuite></testsuites>