<?xml version="1.0" encoding="utf-8"?><testsuites name="pytest tests"><testsuite name="pytest" errors="0" failures="0" skipped="0" tests="5" time="21.811" timestamp="2026-06-01T13:16:14.472034+00:00" hostname="agent-env-08a75415-0b0e-4c37-9b31-a096a60f524b"><testcase classname="backend.tests.test_iteration_91p.TestISS001Reconciliation" name="test_ytd_revenue_units_reconcile" time="2.422" /><testcase classname="backend.tests.test_iteration_91p.TestISS001Reconciliation" name="test_mtd_revenue_units_reconcile" time="0.421" /><testcase classname="backend.tests.test_iteration_91p.TestISS001Reconciliation" name="test_ytd_country_kenya_reconcile" time="1.047" /><testcase classname="backend.tests.test_iteration_91p.TestISS013HeavyGuard" name="test_cache_stats_reports_limit_2" time="0.177" /><testcase classname="backend.tests.test_iteration_91p.TestISS013HeavyGuard" name="test_two_concurrent_replenishment_no_503" time="17.665" /></testsuite></testsuites>