<?xml version="1.0" encoding="utf-8"?><testsuites name="pytest tests"><testsuite name="pytest" errors="0" failures="0" skipped="0" tests="11" time="3.065" timestamp="2026-05-31T16:09:59.378658+00:00" hostname="agent-env-08a75415-0b0e-4c37-9b31-a096a60f524b"><testcase classname="backend.tests.test_iteration_91_exec_stockmix_window.TestStockMixShape" name="test_stock_mix_has_window_fields_30" time="2.548" /><testcase classname="backend.tests.test_iteration_91_exec_stockmix_window.TestStockMixShape" name="test_stock_mix_has_window_fields_60" time="0.000" /><testcase classname="backend.tests.test_iteration_91_exec_stockmix_window.TestStockMixShape" name="test_stock_mix_has_window_fields_90" time="0.000" /><testcase classname="backend.tests.test_iteration_91_exec_stockmix_window.TestStockMixShape" name="test_category_rows_have_sold_units_and_woc" time="0.000" /><testcase classname="backend.tests.test_iteration_91_exec_stockmix_window.TestWindowScaling" name="test_total_sold_scales_roughly_2x_60" time="0.000" /><testcase classname="backend.tests.test_iteration_91_exec_stockmix_window.TestWindowScaling" name="test_total_sold_scales_roughly_3x_90" time="0.000" /><testcase classname="backend.tests.test_iteration_91_exec_stockmix_window.TestWindowScaling" name="test_total_sold_strictly_increases_with_window" time="0.000" /><testcase classname="backend.tests.test_iteration_91_exec_stockmix_window.TestWindowScaling" name="test_total_stock_units_constant_across_windows" time="0.000" /><testcase classname="backend.tests.test_iteration_91_exec_stockmix_window.TestDefaultAndInvalid" name="test_default_is_30" time="0.156" /><testcase classname="backend.tests.test_iteration_91_exec_stockmix_window.TestDefaultAndInvalid" name="test_invalid_falls_back_to_30" time="0.150" /><testcase classname="backend.tests.test_iteration_91_exec_stockmix_window.TestDefaultAndInvalid" name="test_other_invalid_falls_back_to_30" time="0.145" /></testsuite></testsuites>