<?xml version="1.0" encoding="utf-8"?><testsuites name="pytest tests"><testsuite name="pytest" errors="0" failures="0" skipped="0" tests="12" time="33.358" timestamp="2026-04-24T19:36:40.814938+00:00" hostname="agent-env-08a75415-0b0e-4c37-9b31-a096a60f524b"><testcase classname="backend.tests.test_ask_iter29" name="test_ask_requires_auth" time="0.257" /><testcase classname="backend.tests.test_ask_iter29" name="test_ask_empty_body_returns_400" time="0.502" /><testcase classname="backend.tests.test_ask_iter29" name="test_ask_empty_q_returns_400" time="0.156" /><testcase classname="backend.tests.test_ask_iter29" name="test_stock_aging_phantom" time="12.850" /><testcase classname="backend.tests.test_ask_iter29" name="test_sell_through_stuck" time="3.861" /><testcase classname="backend.tests.test_ask_iter29" name="test_stores_top_5_by_sales" time="3.125" /><testcase classname="backend.tests.test_ask_iter29" name="test_customers_absent_60" time="2.202" /><testcase classname="backend.tests.test_ask_iter29" name="test_pricing_increase_10pct" time="3.430" /><testcase classname="backend.tests.test_ask_iter29" name="test_reorder_critical" time="2.263" /><testcase classname="backend.tests.test_ask_iter29" name="test_page_navigation" time="2.167" /><testcase classname="backend.tests.test_ask_iter29" name="test_unknown_question" time="2.160" /><testcase classname="backend.tests.test_ask_iter29" name="test_intent_cache_speedup" time="0.293" /></testsuite></testsuites>