<?xml version="1.0" encoding="utf-8"?><testsuites name="pytest tests"><testsuite name="pytest" errors="0" failures="0" skipped="0" tests="19" time="37.456" timestamp="2026-05-08T16:15:22.042901+00:00" hostname="agent-env-51d15dfa-ad0e-4370-abb3-d6c0e1d1515e"><testcase classname="backend.tests.test_iter6.TestShoppingBagFilter" name="test_customer_profile_excludes_bags" time="0.881" /><testcase classname="backend.tests.test_iter6.TestShoppingBagFilter" name="test_customer_products_excludes_bags" time="0.135" /><testcase classname="backend.tests.test_iter6.TestShoppingBagFilter" name="test_top_skus_excludes_bags" time="0.860" /><testcase classname="backend.tests.test_iter6.TestFacebook" name="test_status_manager" time="0.142" /><testcase classname="backend.tests.test_iter6.TestFacebook" name="test_discover_requires_manager" time="0.147" /><testcase classname="backend.tests.test_iter6.TestFacebook" name="test_discover_bogus_token_400" time="0.300" /><testcase classname="backend.tests.test_iter6.TestFacebook" name="test_pages_list_manager" time="0.167" /><testcase classname="backend.tests.test_iter6.TestFacebook" name="test_sync_no_pages_400" time="0.153" /><testcase classname="backend.tests.test_iter6.TestNBACallList" name="test_call_list_with_nba" time="0.150" /><testcase classname="backend.tests.test_iter6.TestNBACallList" name="test_call_list_enrichment_after_wait" time="17.939" /><testcase classname="backend.tests.test_iter6.TestNBACallList" name="test_customer_nba_endpoint" time="0.141" /><testcase classname="backend.tests.test_iter6.TestSocialRegression" name="test_get_endpoint[/api/social/summary]" time="0.151" /><testcase classname="backend.tests.test_iter6.TestSocialRegression" name="test_get_endpoint[/api/social/posts]" time="0.133" /><testcase classname="backend.tests.test_iter6.TestSocialRegression" name="test_get_endpoint[/api/social/feedback]" time="0.144" /><testcase classname="backend.tests.test_iter6.TestSocialRegression" name="test_get_endpoint[/api/social/mentions]" time="0.146" /><testcase classname="backend.tests.test_iter6.TestSocialRegression" name="test_get_endpoint[/api/social/influencers]" time="15.193" /><testcase classname="backend.tests.test_iter6.TestSocialRegression" name="test_get_endpoint[/api/social/dms]" time="0.330" /><testcase classname="backend.tests.test_iter6.TestSocialRegression" name="test_get_endpoint[/api/social/timeline/3846911099035]" time="0.139" /><testcase classname="backend.tests.test_iter6.TestSocialRegression" name="test_get_endpoint[/api/social/handles/3846911099035]" time="0.135" /></testsuite></testsuites>