<?xml version="1.0" encoding="utf-8"?><testsuites name="pytest tests"><testsuite name="pytest" errors="0" failures="0" skipped="1" tests="9" time="2.850" timestamp="2026-05-12T11:15:48.106086+00:00" hostname="agent-env-51d15dfa-ad0e-4370-abb3-d6c0e1d1515e"><testcase classname="backend.tests.test_iter13.TestKpisDateRange" name="test_kpis_mtd_vs_30d_differ" time="1.143" /><testcase classname="backend.tests.test_iter13.TestUsersRoster" name="test_get_users_returns_lightweight_list" time="0.130" /><testcase classname="backend.tests.test_iter13.TestUsersRoster" name="test_get_users_also_works_for_associate" time="0.099" /><testcase classname="backend.tests.test_iter13.TestAssignment" name="test_get_assignment_shape" time="0.147" /><testcase classname="backend.tests.test_iter13.TestAssignment" name="test_manager_can_assign_and_clear" time="0.369" /><testcase classname="backend.tests.test_iter13.TestAssignment" name="test_associate_cannot_overwrite_existing_assignment" time="0.120"><skipped type="pytest.skip" message="Seeded associate has role=manager — cannot verify 403 path (pre-existing seed bug from iter12). Code path in server.py L2032 looks correct.">/app/backend/tests/test_iter13.py:133: Seeded associate has role=manager — cannot verify 403 path (pre-existing seed bug from iter12). Code path in server.py L2032 looks correct.</skipped></testcase><testcase classname="backend.tests.test_iter13.TestMyCustomers" name="test_my_customers_returns_assigned_with_cache_fields" time="0.354" /><testcase classname="backend.tests.test_iter13.TestTemplatesBspStatus" name="test_templates_have_bsp_status_field" time="0.141" /><testcase classname="backend.tests.test_iter13.TestTemplatesBspStatus" name="test_put_bsp_status_persists" time="0.258" /></testsuite></testsuites>