<?xml version="1.0" encoding="utf-8"?><testsuites name="pytest tests"><testsuite name="pytest" errors="0" failures="0" skipped="0" tests="4" time="64.879" timestamp="2026-05-20T11:16:53.066601+00:00" hostname="agent-env-08a75415-0b0e-4c37-9b31-a096a60f524b"><testcase classname="tests.test_iteration_85a_live" name="test_churn_rate_shape_and_clamp" time="1.058" /><testcase classname="tests.test_iteration_85a_live" name="test_customers_does_not_leak_504" time="0.549" /><testcase classname="tests.test_iteration_85a_live" name="test_sor_all_styles_launch_date_populated" time="40.567" /><testcase classname="tests.test_iteration_85a_live" name="test_footfall_weekday_pattern_has_outside_and_turnin" time="22.634" /></testsuite></testsuites>