<?xml version="1.0" encoding="utf-8"?><testsuites name="pytest tests"><testsuite name="pytest" errors="0" failures="0" skipped="0" tests="15" time="3.640" timestamp="2026-05-07T14:54:41.005769+00:00" hostname="agent-env-08a75415-0b0e-4c37-9b31-a096a60f524b"><testcase classname="backend.tests.test_iteration_53_ibt_complete_pending.TestIBTCompletedKeys" name="test_keys_endpoint_any_user" time="0.516" /><testcase classname="backend.tests.test_iteration_53_ibt_complete_pending.TestIBTCompletedKeys" name="test_keys_endpoint_viewer" time="0.510" /><testcase classname="backend.tests.test_iteration_53_ibt_complete_pending.TestIBTComplete" name="test_complete_valid" time="0.178" /><testcase classname="backend.tests.test_iteration_53_ibt_complete_pending.TestIBTComplete" name="test_days_lapsed_computed" time="0.138" /><testcase classname="backend.tests.test_iteration_53_ibt_complete_pending.TestIBTComplete" name="test_reject_transfer_before_suggested" time="0.128" /><testcase classname="backend.tests.test_iteration_53_ibt_complete_pending.TestIBTComplete" name="test_reject_actual_exceeds_suggested" time="0.132" /><testcase classname="backend.tests.test_iteration_53_ibt_complete_pending.TestListCompleted" name="test_admin_list" time="0.123" /><testcase classname="backend.tests.test_iteration_53_ibt_complete_pending.TestListCompleted" name="test_viewer_forbidden" time="0.125" /><testcase classname="backend.tests.test_iteration_53_ibt_complete_pending.TestPendingFlow" name="test_admin_lists_pending_user" time="0.505" /><testcase classname="backend.tests.test_iteration_53_ibt_complete_pending.TestPendingFlow" name="test_pending_me_returns_403_with_detail" time="0.133" /><testcase classname="backend.tests.test_iteration_53_ibt_complete_pending.TestPendingFlow" name="test_pending_me_status_returns_200" time="0.172" /><testcase classname="backend.tests.test_iteration_53_ibt_complete_pending.TestPendingFlow" name="test_patch_invalid_status_returns_400" time="0.141" /><testcase classname="backend.tests.test_iteration_53_ibt_complete_pending.TestPendingFlow" name="test_patch_status_active_works" time="0.266" /><testcase classname="backend.tests.test_iteration_53_ibt_complete_pending.TestPendingFlow" name="test_patch_status_rejected_works" time="0.283" /><testcase classname="backend.tests.test_iteration_53_ibt_complete_pending.TestAdminBackfill" name="test_admin_status_active_after_migration" time="0.143" /></testsuite></testsuites>