<?xml version="1.0" encoding="utf-8"?><testsuites name="pytest tests"><testsuite name="pytest" errors="0" failures="1" skipped="1" tests="28" time="144.619" timestamp="2026-05-07T17:07:53.373495+00:00" hostname="agent-env-08a75415-0b0e-4c37-9b31-a096a60f524b"><testcase classname="backend.tests.test_iteration_58_regression.TestSmoke" name="test_kpis" time="2.945" /><testcase classname="backend.tests.test_iteration_58_regression.TestSmoke" name="test_sales_summary" time="0.939" /><testcase classname="backend.tests.test_iteration_58_regression.TestSmoke" name="test_inventory" time="12.683" /><testcase classname="backend.tests.test_iteration_58_regression.TestSmoke" name="test_footfall" time="1.668" /><testcase classname="backend.tests.test_iteration_58_regression.TestSmoke" name="test_data_freshness" time="0.808" /><testcase classname="backend.tests.test_iteration_58_regression.TestSmoke" name="test_annual_targets" time="0.919" /><testcase classname="backend.tests.test_iteration_58_regression.TestSmoke" name="test_sor_all_styles" time="42.664" /><testcase classname="backend.tests.test_iteration_58_regression.TestSmoke" name="test_ibt_suggestions" time="2.884" /><testcase classname="backend.tests.test_iteration_58_regression.TestSmoke" name="test_ibt_warehouse_to_store" time="59.768" /><testcase classname="backend.tests.test_iteration_58_regression.TestSmoke" name="test_kpi_trend" time="1.846" /><testcase classname="backend.tests.test_iteration_58_regression.TestAllocations" name="test_calculate" time="13.274" /><testcase classname="backend.tests.test_iteration_58_regression.TestAllocations" name="test_save_returns_pending_fulfilment" time="0.007" /><testcase classname="backend.tests.test_iteration_58_regression.TestAllocations" name="test_runs_list_includes_saved" time="0.005" /><testcase classname="backend.tests.test_iteration_58_regression.TestAllocations" name="test_run_by_id" time="0.005" /><testcase classname="backend.tests.test_iteration_58_regression.TestAllocations" name="test_runs_invalid_id_404" time="0.004" /><testcase classname="backend.tests.test_iteration_58_regression.TestAllocations" name="test_zzz_cleanup" time="0.004"><failure message="AssertionError: {&quot;detail&quot;:[{&quot;type&quot;:&quot;too_short&quot;,&quot;loc&quot;:[&quot;body&quot;,&quot;rows&quot;],&quot;msg&quot;:&quot;List should have at least 1 item after validation, not 0&quot;,&quot;input&quot;:[],&quot;ctx&quot;:{&quot;field_type&quot;:&quot;List&quot;,&quot;min_length&quot;:1,&quot;actual_length&quot;:0},&quot;url&quot;:&quot;https://errors.pydantic.dev/2.12/v/too_short&quot;}]}&#10;assert 422 in (200, 400)&#10; +  where 422 = &lt;Response [422]&gt;.status_code">E   AssertionError: {"detail":[{"type":"too_short","loc":["body","rows"],"msg":"List should have at least 1 item after validation, not 0","input":[],"ctx":{"field_type":"List","min_length":1,"actual_length":0},"url":"https://errors.pydantic.dev/2.12/v/too_short"}]}
    assert 422 in (200, 400)
     +  where 422 = &lt;Response [422]&gt;.status_code</failure></testcase><testcase classname="backend.tests.test_iteration_58_regression.TestIBT" name="test_late_count" time="0.005" /><testcase classname="backend.tests.test_iteration_58_regression.TestIBT" name="test_completed_admin_only" time="0.235" /><testcase classname="backend.tests.test_iteration_58_regression.TestIBT" name="test_complete_then_hidden" time="0.042"><skipped type="pytest.skip" message="suggestion missing style/to_store fields for completion">/app/backend/tests/test_iteration_58_regression.py:302: suggestion missing style/to_store fields for completion</skipped></testcase><testcase classname="backend.tests.test_iteration_58_regression.TestApproval" name="test_admin_me_active" time="0.003" /><testcase classname="backend.tests.test_iteration_58_regression.TestApproval" name="test_admin_me_status_unrestricted" time="0.002" /><testcase classname="backend.tests.test_iteration_58_regression.TestApproval" name="test_viewer_me_active" time="0.002" /><testcase classname="backend.tests.test_iteration_58_regression.TestFeedback" name="test_create_feedback" time="0.007" /><testcase classname="backend.tests.test_iteration_58_regression.TestFeedback" name="test_mine" time="0.005" /><testcase classname="backend.tests.test_iteration_58_regression.TestFeedback" name="test_admin_list" time="0.005" /><testcase classname="backend.tests.test_iteration_58_regression.TestFeedback" name="test_admin_list_forbidden_for_viewer" time="0.004" /><testcase classname="backend.tests.test_iteration_58_regression.TestFeedback" name="test_resolve" time="0.005" /><testcase classname="backend.tests.test_iteration_58_regression.TestMonthlyTargets" name="test_monthly_targets" time="3.773" /></testsuite></testsuites>