<?xml version="1.0" encoding="utf-8"?><testsuites name="pytest tests"><testsuite name="pytest" errors="0" failures="0" skipped="0" tests="7" time="4.772" timestamp="2026-06-01T11:42:46.883339+00:00" hostname="agent-env-08a75415-0b0e-4c37-9b31-a096a60f524b"><testcase classname="backend.tests.test_iteration_91h_canonical_units" name="test_canonical_units_sold_shape_and_values[all-entities last-90d-params0-66651]" time="1.301" /><testcase classname="backend.tests.test_iteration_91h_canonical_units" name="test_canonical_units_sold_shape_and_values[Kenya MTD-params1-19810]" time="0.264" /><testcase classname="backend.tests.test_iteration_91h_canonical_units" name="test_canonical_units_sold_shape_and_values[Vivo Westgate L7-params2-None]" time="0.498" /><testcase classname="backend.tests.test_iteration_91h_canonical_units" name="test_canonical_units_sold_shape_and_values[current-quarter all-params3-None]" time="0.226" /><testcase classname="backend.tests.test_iteration_91h_canonical_units" name="test_canonical_units_sold_shape_and_values[empty combo-params4-0]" time="0.505" /><testcase classname="backend.tests.test_iteration_91h_canonical_units" name="test_canonical_matches_sts_units_sold" time="1.619" /><testcase classname="backend.tests.test_iteration_91h_canonical_units" name="test_other_kpi_endpoints_unchanged" time="0.124" /></testsuite></testsuites>