<?xml version="1.0" encoding="utf-8"?><testsuites name="pytest tests"><testsuite name="pytest" errors="0" failures="0" skipped="0" tests="5" time="5.870" timestamp="2026-05-07T11:05:18.932844+00:00" hostname="agent-env-08a75415-0b0e-4c37-9b31-a096a60f524b"><testcase classname="backend.tests.test_iteration_50_sales_summary_ibt.TestTotalSalesSummary" name="test_returns_rows_with_group_display_name_country" time="1.601" /><testcase classname="backend.tests.test_iteration_50_sales_summary_ibt.TestTotalSalesSummary" name="test_grouping_distribution_makes_sense" time="0.149" /><testcase classname="backend.tests.test_iteration_50_sales_summary_ibt.TestTotalSalesSummary" name="test_variance_fields_present" time="0.135" /><testcase classname="backend.tests.test_iteration_50_sales_summary_ibt.TestIBTSuggestionsDedup" name="test_each_style_to_store_pair_unique" time="3.544" /><testcase classname="backend.tests.test_iteration_50_sales_summary_ibt.TestIBTSkuBreakdownWarehouse" name="test_warehouse_from_breakdown" time="0.382" /></testsuite></testsuites>