<?xml version="1.0" encoding="utf-8"?><testsuites name="pytest tests"><testsuite name="pytest" errors="0" failures="0" skipped="0" tests="9" time="48.159" timestamp="2026-04-24T19:14:49.705078+00:00" hostname="agent-env-08a75415-0b0e-4c37-9b31-a096a60f524b"><testcase classname="backend.tests.test_iteration_28_search_sellthrough_calendar.TestGlobalSearch" name="test_requires_auth" time="0.234" /><testcase classname="backend.tests.test_iteration_28_search_sellthrough_calendar.TestGlobalSearch" name="test_empty_query_returns_422" time="0.426" /><testcase classname="backend.tests.test_iteration_28_search_sellthrough_calendar.TestGlobalSearch" name="test_search_vivo_grouped_payload" time="1.955" /><testcase classname="backend.tests.test_iteration_28_search_sellthrough_calendar.TestGlobalSearch" name="test_search_page_by_label" time="3.005" /><testcase classname="backend.tests.test_iteration_28_search_sellthrough_calendar.TestSellThroughByLocation" name="test_missing_dates_returns_400" time="0.063" /><testcase classname="backend.tests.test_iteration_28_search_sellthrough_calendar.TestSellThroughByLocation" name="test_returns_rows_with_expected_shape" time="16.034" /><testcase classname="backend.tests.test_iteration_28_search_sellthrough_calendar.TestFootfallDailyCalendar" name="test_invalid_date_returns_400" time="0.059" /><testcase classname="backend.tests.test_iteration_28_search_sellthrough_calendar.TestFootfallDailyCalendar" name="test_returns_calendar_shape" time="5.378" /><testcase classname="backend.tests.test_iteration_28_search_sellthrough_calendar.TestFootfallDailyCalendar" name="test_clamps_window_to_90_days" time="20.924" /></testsuite></testsuites>