<?xml version="1.0" encoding="utf-8"?><testsuites name="pytest tests"><testsuite name="pytest" errors="0" failures="0" skipped="1" tests="19" time="41.981" timestamp="2026-05-29T16:52:25.181823+00:00" hostname="agent-env-08a75415-0b0e-4c37-9b31-a096a60f524b"><testcase classname="backend.tests.test_iteration_90_range_mgmt.TestClassifyShape" name="test_top_level_keys" time="40.706" /><testcase classname="backend.tests.test_iteration_90_range_mgmt.TestClassifyShape" name="test_as_of_iso" time="0.000" /><testcase classname="backend.tests.test_iteration_90_range_mgmt.TestClassifyShape" name="test_summary_keys" time="0.000" /><testcase classname="backend.tests.test_iteration_90_range_mgmt.TestClassifyShape" name="test_total_active_equals_sum_of_tiers_1_to_4" time="0.000" /><testcase classname="backend.tests.test_iteration_90_range_mgmt.TestClassifyShape" name="test_row_fields_present" time="0.000" /><testcase classname="backend.tests.test_iteration_90_range_mgmt.TestClassifyShape" name="test_no_mongo_objectid_in_rows" time="0.000" /><testcase classname="backend.tests.test_iteration_90_range_mgmt.TestClassifyShape" name="test_non_merch_excluded" time="0.000" /><testcase classname="backend.tests.test_iteration_90_range_mgmt.TestClassifyShape" name="test_tier_values_in_allowed_set" time="0.000" /><testcase classname="backend.tests.test_iteration_90_range_mgmt.TestRetirementPipeline" name="test_all_rows_retire" time="0.000" /><testcase classname="backend.tests.test_iteration_90_range_mgmt.TestRetirementPipeline" name="test_sorted_by_age_desc" time="0.000" /><testcase classname="backend.tests.test_iteration_90_range_mgmt.TestRetirementPipeline" name="test_dates_today_and_today_plus_4w" time="0.000" /><testcase classname="backend.tests.test_iteration_90_range_mgmt.TestIdempotency" name="test_second_call_does_not_duplicate_history" time="0.672" /><testcase classname="backend.tests.test_iteration_90_range_mgmt.TestMovements" name="test_movements_shape" time="0.142" /><testcase classname="backend.tests.test_iteration_90_range_mgmt.TestMovements" name="test_movement_row_fields" time="0.167"><skipped type="pytest.skip" message="no movements recorded yet">/app/backend/tests/test_iteration_90_range_mgmt.py:207: no movements recorded yet</skipped></testcase><testcase classname="backend.tests.test_iteration_90_range_mgmt.TestRagBanding" name="test_rag_green_inside" time="0.000" /><testcase classname="backend.tests.test_iteration_90_range_mgmt.TestRagBanding" name="test_rag_amber_near" time="0.000" /><testcase classname="backend.tests.test_iteration_90_range_mgmt.TestRagBanding" name="test_rag_red_outside" time="0.000" /><testcase classname="backend.tests.test_iteration_90_range_mgmt.TestRagBanding" name="test_summary_rag_matches_helper" time="0.000" /><testcase classname="backend.tests.test_iteration_90_range_mgmt.TestAccessControl" name="test_unauthenticated_blocked" time="0.165" /></testsuite></testsuites>