<?xml version="1.0" encoding="utf-8"?><testsuites name="pytest tests"><testsuite name="pytest" errors="0" failures="0" skipped="1" tests="11" time="7.268" timestamp="2026-05-14T10:44:18.728612+00:00" hostname="agent-env-08a75415-0b0e-4c37-9b31-a096a60f524b"><testcase classname="backend.tests.test_iteration_78_batch.TestIBTCompletedAccess" name="test_admin_can_access_completed" time="0.487" /><testcase classname="backend.tests.test_iteration_78_batch.TestIBTCompletedAccess" name="test_exec_can_access_completed" time="0.501" /><testcase classname="backend.tests.test_iteration_78_batch.TestIBTCompletedAccess" name="test_viewer_forbidden_completed" time="0.468" /><testcase classname="backend.tests.test_iteration_78_batch.TestWarehouseToStoreOwnerBin" name="test_rows_present" time="0.125" /><testcase classname="backend.tests.test_iteration_78_batch.TestWarehouseToStoreOwnerBin" name="test_owner_field_present" time="0.000" /><testcase classname="backend.tests.test_iteration_78_batch.TestWarehouseToStoreOwnerBin" name="test_bin_field_present_in_sku_breakdown" time="2.050" /><testcase classname="backend.tests.test_iteration_78_batch.TestIBTFixed28d" name="test_qty_sold_28d_fields_invariant" time="2.355" /><testcase classname="backend.tests.test_iteration_78_batch.TestIBTMustRuleSoldBefore" name="test_to_units_sold_positive" time="0.149" /><testcase classname="backend.tests.test_iteration_78_batch.TestIBTSameCountry" name="test_no_cross_country_pairs" time="0.273" /><testcase classname="backend.tests.test_iteration_78_batch.TestWeekdayPatternAllStores" name="test_all_29_rows" time="0.651" /><testcase classname="backend.tests.test_iteration_78_batch.TestAllocationsGapFill" name="test_replenishment_vs_new" time="0.122"><skipped type="pytest.skip" message="no candidate with subcategory/style_name">/app/backend/tests/test_iteration_78_batch.py:255: no candidate with subcategory/style_name</skipped></testcase></testsuite></testsuites>