<?xml version="1.0" encoding="utf-8"?><testsuites name="pytest tests"><testsuite name="pytest" errors="0" failures="0" skipped="0" tests="16" time="6.493" timestamp="2026-05-31T16:21:53.493678+00:00" hostname="agent-env-08a75415-0b0e-4c37-9b31-a096a60f524b"><testcase classname="backend.tests.test_iteration_91b_exec_stockmix_style_status.TestStyleStatusEchoAndDefault" name="test_echo_all" time="2.648" /><testcase classname="backend.tests.test_iteration_91b_exec_stockmix_style_status.TestStyleStatusEchoAndDefault" name="test_echo_active" time="0.000" /><testcase classname="backend.tests.test_iteration_91b_exec_stockmix_style_status.TestStyleStatusEchoAndDefault" name="test_echo_retired" time="0.000" /><testcase classname="backend.tests.test_iteration_91b_exec_stockmix_style_status.TestStyleStatusEchoAndDefault" name="test_default_is_all" time="0.277" /><testcase classname="backend.tests.test_iteration_91b_exec_stockmix_style_status.TestStyleStatusEchoAndDefault" name="test_default_stock_matches_all" time="0.215" /><testcase classname="backend.tests.test_iteration_91b_exec_stockmix_style_status.TestInventorySplitsByStyleStatus" name="test_all_equals_active_plus_retired" time="0.000" /><testcase classname="backend.tests.test_iteration_91b_exec_stockmix_style_status.TestInventorySplitsByStyleStatus" name="test_active_and_retired_both_positive" time="0.000" /><testcase classname="backend.tests.test_iteration_91b_exec_stockmix_style_status.TestInventorySplitsByStyleStatus" name="test_active_strictly_less_than_all" time="0.000" /><testcase classname="backend.tests.test_iteration_91b_exec_stockmix_style_status.TestInventorySplitsByStyleStatus" name="test_retired_strictly_less_than_all" time="0.000" /><testcase classname="backend.tests.test_iteration_91b_exec_stockmix_style_status.TestSalesUnfilteredByStyleStatus" name="test_total_sold_units_mtd_identical" time="0.000" /><testcase classname="backend.tests.test_iteration_91b_exec_stockmix_style_status.TestSalesUnfilteredByStyleStatus" name="test_total_sold_units_window_identical" time="0.000" /><testcase classname="backend.tests.test_iteration_91b_exec_stockmix_style_status.TestStyleStatusCombinesWithWindowDays" name="test_window_60_with_retired" time="1.175" /><testcase classname="backend.tests.test_iteration_91b_exec_stockmix_style_status.TestStyleStatusCombinesWithWindowDays" name="test_window_90_with_active" time="1.165" /><testcase classname="backend.tests.test_iteration_91b_exec_stockmix_style_status.TestStyleStatusCombinesWithWindowDays" name="test_retired_stock_constant_across_windows" time="0.923" /><testcase classname="backend.tests.test_iteration_91b_exec_stockmix_style_status.TestRegressionUnchanged" name="test_kpis_present_for_all_filters" time="0.000" /><testcase classname="backend.tests.test_iteration_91b_exec_stockmix_style_status.TestRegressionUnchanged" name="test_country_block_unchanged" time="0.000" /></testsuite></testsuites>