<?xml version="1.0" encoding="utf-8"?><testsuites name="pytest tests"><testsuite name="pytest" errors="0" failures="1" skipped="0" tests="5" time="79.638" timestamp="2026-05-05T08:34:20.634705+00:00" hostname="agent-env-08a75415-0b0e-4c37-9b31-a096a60f524b"><testcase classname="backend.tests.test_iteration_43" name="test_annual_targets" time="2.561" /><testcase classname="backend.tests.test_iteration_43" name="test_sor_all_styles" time="60.108"><failure message="assert 502 == 200&#10; +  where 502 = &lt;Response [502]&gt;.status_code">backend/tests/test_iteration_43.py:46: in test_sor_all_styles
    assert r.status_code == 200
E   assert 502 == 200
E    +  where 502 = &lt;Response [502]&gt;.status_code</failure></testcase><testcase classname="backend.tests.test_iteration_43" name="test_repeat_customers" time="16.439" /><testcase classname="backend.tests.test_iteration_43" name="test_customer_frequency" time="0.138" /><testcase classname="backend.tests.test_iteration_43" name="test_retention_matches_frequency" time="0.285" /></testsuite></testsuites>