<?xml version="1.0" encoding="utf-8"?><testsuites name="pytest tests"><testsuite name="pytest" errors="0" failures="0" skipped="0" tests="6" time="92.736" timestamp="2026-05-05T09:50:02.057586+00:00" hostname="agent-env-08a75415-0b0e-4c37-9b31-a096a60f524b"><testcase classname="backend.tests.test_iteration_46_sor_polling.TestStyleLocationBreakdownPolling" name="test_popular_style_returns_200_with_locations" time="91.851" /><testcase classname="backend.tests.test_iteration_46_sor_polling.TestStyleLocationBreakdownPolling" name="test_warm_cache_is_fast" time="0.225" /><testcase classname="backend.tests.test_iteration_46_sor_polling.TestStyleLocationBreakdownPolling" name="test_rare_style_polls_or_returns_empty" time="0.131" /><testcase classname="backend.tests.test_iteration_46_sor_polling.TestStyleSkuBreakdownPolling" name="test_popular_style_returns_200_with_skus" time="0.109" /><testcase classname="backend.tests.test_iteration_46_sor_polling.TestStyleSkuBreakdownPolling" name="test_shared_scan_warms_both_caches" time="0.250" /><testcase classname="backend.tests.test_iteration_46_sor_polling.TestRegressionRepeatCustomers" name="test_repeat_customers_endpoint_returns_200" time="0.107" /></testsuite></testsuites>