<?xml version="1.0" encoding="utf-8"?><testsuites name="pytest tests"><testsuite name="pytest" errors="0" failures="0" skipped="0" tests="5" time="61.960" timestamp="2026-05-14T13:50:36.385027+00:00" hostname="agent-env-08a75415-0b0e-4c37-9b31-a096a60f524b"><testcase classname="backend.tests.test_iteration_80_recon_and_freshness" name="test_recon_zero_failures" time="58.983" /><testcase classname="backend.tests.test_iteration_80_recon_and_freshness" name="test_kpi_card_matches_country_split" time="1.079" /><testcase classname="backend.tests.test_iteration_80_recon_and_freshness" name="test_kpi_aggregate_matches_country_sum" time="0.614" /><testcase classname="backend.tests.test_iteration_80_recon_and_freshness" name="test_snapshot_freshness_pill_endpoint" time="0.446" /><testcase classname="backend.tests.test_iteration_80_recon_and_freshness" name="test_country_summary_orders_units_reconcile" time="0.771" /></testsuite></testsuites>