<?xml version="1.0" encoding="utf-8"?><testsuites name="pytest tests"><testsuite name="pytest" errors="0" failures="0" skipped="0" tests="12" time="3.004" timestamp="2026-05-08T17:42:21.682345+00:00" hostname="agent-env-51d15dfa-ad0e-4370-abb3-d6c0e1d1515e"><testcase classname="backend.tests.test_iter9.TestCohortDrill" name="test_customers_default" time="0.300" /><testcase classname="backend.tests.test_iter9.TestCohortDrill" name="test_customers_vip_bucket" time="0.165" /><testcase classname="backend.tests.test_iter9.TestCohortDrill" name="test_customers_retained_m6" time="0.147" /><testcase classname="backend.tests.test_iter9.TestCohortDrill" name="test_associate_forbidden_on_bulk" time="0.138" /><testcase classname="backend.tests.test_iter9.TestCohortDrill" name="test_bulk_missing_title" time="0.157" /><testcase classname="backend.tests.test_iter9.TestCohortDrill" name="test_bulk_create_vip" time="0.156" /><testcase classname="backend.tests.test_iter9.TestSocialPlatforms" name="test_status_lists_four" time="0.269" /><testcase classname="backend.tests.test_iter9.TestSocialPlatforms" name="test_associate_forbidden" time="0.142" /><testcase classname="backend.tests.test_iter9.TestSocialPlatforms" name="test_connect_unknown_404" time="0.141" /><testcase classname="backend.tests.test_iter9.TestSocialPlatforms" name="test_connect_requires_token" time="0.139" /><testcase classname="backend.tests.test_iter9.TestSocialPlatforms" name="test_connect_disconnect_flow" time="0.870" /><testcase classname="backend.tests.test_iter9.TestSocialPlatforms" name="test_sync_when_not_connected_400" time="0.320" /></testsuite></testsuites>