<?xml version="1.0" encoding="utf-8"?><testsuites name="pytest tests"><testsuite name="pytest" errors="0" failures="2" skipped="0" tests="10" time="24.244" timestamp="2026-05-08T11:41:50.875777+00:00" hostname="agent-env-08a75415-0b0e-4c37-9b31-a096a60f524b"><testcase classname="backend.tests.test_iteration_62.TestReplenishmentConfig" name="test_get_default_roster" time="0.500" /><testcase classname="backend.tests.test_iteration_62.TestReplenishmentConfig" name="test_post_custom_roster_persists" time="0.239" /><testcase classname="backend.tests.test_iteration_62.TestReplenishmentConfig" name="test_post_empty_resets_to_default" time="0.128" /><testcase classname="backend.tests.test_iteration_62.TestReplenishmentConfig" name="test_viewer_forbidden" time="0.446"><failure message="AssertionError: Expected 401/403 for viewer, got 200: {&quot;ok&quot;:true,&quot;owners&quot;:[&quot;X&quot;]}&#10;assert 200 in (401, 403)&#10; +  where 200 = &lt;Response [200]&gt;.status_code">backend/tests/test_iteration_62.py:109: in test_viewer_forbidden
    assert r.status_code in (401, 403), f"Expected 401/403 for viewer, got {r.status_code}: {r.text}"
E   AssertionError: Expected 401/403 for viewer, got 200: {"ok":true,"owners":["X"]}
E   assert 200 in (401, 403)
E    +  where 200 = &lt;Response [200]&gt;.status_code</failure></testcase><testcase classname="backend.tests.test_iteration_62.TestReplenishmentReport" name="test_report_default_roster" time="20.061" /><testcase classname="backend.tests.test_iteration_62.TestReplenishmentReport" name="test_report_owners_override" time="0.396" /><testcase classname="backend.tests.test_iteration_62.TestReplenishmentReport" name="test_report_row_fields_include_days_lapsed_and_state" time="0.140" /><testcase classname="backend.tests.test_iteration_62.TestReplenishmentMarkAndCompleted" name="test_mark_done_persists" time="1.910" /><testcase classname="backend.tests.test_iteration_62.TestReplenishmentMarkAndCompleted" name="test_completed_endpoint_returns_marked" time="0.099" /><testcase classname="backend.tests.test_iteration_62.TestReplenishmentMarkAndCompleted" name="test_completed_viewer_forbidden" time="0.240"><failure message="AssertionError: viewer accessed completed endpoint: 200&#10;assert 200 in (401, 403)&#10; +  where 200 = &lt;Response [200]&gt;.status_code">backend/tests/test_iteration_62.py:259: in test_completed_viewer_forbidden
    assert r.status_code in (401, 403), f"viewer accessed completed endpoint: {r.status_code}"
E   AssertionError: viewer accessed completed endpoint: 200
E   assert 200 in (401, 403)
E    +  where 200 = &lt;Response [200]&gt;.status_code</failure></testcase></testsuite></testsuites>