<?xml version="1.0" encoding="utf-8"?><testsuites name="pytest tests"><testsuite name="pytest" errors="0" failures="0" skipped="0" tests="13" time="2.482" timestamp="2026-05-11T06:27:16.104828+00:00" hostname="agent-env-51d15dfa-ad0e-4370-abb3-d6c0e1d1515e"><testcase classname="backend.tests.test_domain_allowlist.TestEmailDomainAllowed" name="test_allows_vivofashiongroup" time="0.431" /><testcase classname="backend.tests.test_domain_allowlist.TestEmailDomainAllowed" name="test_allows_shopzetu_case_insensitive" time="0.123" /><testcase classname="backend.tests.test_domain_allowlist.TestEmailDomainAllowed" name="test_blocks_gmail" time="0.132" /><testcase classname="backend.tests.test_domain_allowlist.TestEmailDomainAllowed" name="test_blocks_subdomain_lookalike" time="0.169" /><testcase classname="backend.tests.test_domain_allowlist.TestEmailDomainAllowed" name="test_blocks_outlook" time="0.149" /><testcase classname="backend.tests.test_domain_allowlist.TestEmailDomainAllowed" name="test_default_set_is_vivo_and_shopzetu" time="0.157" /><testcase classname="backend.tests.test_domain_allowlist.TestEmailDomainAllowedEnvOverride" name="test_env_override_custom_domain" time="0.211" /><testcase classname="backend.tests.test_domain_allowlist.TestEmailDomainAllowedEnvOverride" name="test_env_empty_disables_allowlist" time="0.174" /><testcase classname="backend.tests.test_domain_allowlist.TestAuthSessionRegression" name="test_invalid_session_id_returns_401" time="0.388" /><testcase classname="backend.tests.test_domain_allowlist.TestAuthSessionRegression" name="test_missing_session_id_returns_400" time="0.139" /><testcase classname="backend.tests.test_domain_allowlist.TestSeededSessionsBypass" name="test_manager_me_ok" time="0.123" /><testcase classname="backend.tests.test_domain_allowlist.TestSeededSessionsBypass" name="test_associate_me_ok" time="0.106" /><testcase classname="backend.tests.test_domain_allowlist.TestSeededSessionsBypass" name="test_no_token_returns_401" time="0.101" /></testsuite></testsuites>