<?xml version="1.0" encoding="utf-8"?><testsuites name="pytest tests"><testsuite name="pytest" errors="0" failures="0" skipped="0" tests="6" time="1.764" timestamp="2026-05-07T16:54:57.874072+00:00" hostname="agent-env-08a75415-0b0e-4c37-9b31-a096a60f524b"><testcase classname="backend.tests.test_iteration_57_alloc_two_stage" name="test_save_returns_pending_with_buying_warehouse_split" time="0.731" /><testcase classname="backend.tests.test_iteration_57_alloc_two_stage" name="test_runs_filter_pending" time="0.212" /><testcase classname="backend.tests.test_iteration_57_alloc_two_stage" name="test_runs_filter_fulfilled_excludes_pending" time="0.135" /><testcase classname="backend.tests.test_iteration_57_alloc_two_stage" name="test_fulfil_updates_rows_and_status" time="0.294" /><testcase classname="backend.tests.test_iteration_57_alloc_two_stage" name="test_fulfil_already_fulfilled_returns_400" time="0.155" /><testcase classname="backend.tests.test_iteration_57_alloc_two_stage" name="test_cleanup_test_runs" time="0.068" /></testsuite></testsuites>