<?xml version="1.0" encoding="utf-8"?><testsuites name="pytest tests"><testsuite name="pytest" errors="0" failures="0" skipped="0" tests="24" time="8.245" timestamp="2026-05-08T16:49:19.197148+00:00" hostname="agent-env-51d15dfa-ad0e-4370-abb3-d6c0e1d1515e"><testcase classname="backend.tests.test_iter7_insights.TestRename" name="test_html_title_is_vivo_crm" time="0.249" /><testcase classname="backend.tests.test_iter7_insights.TestCohorts" name="test_retention" time="0.152" /><testcase classname="backend.tests.test_iter7_insights.TestCohorts" name="test_tier_flow" time="0.141" /><testcase classname="backend.tests.test_iter7_insights.TestCohorts" name="test_by_channel_sorted" time="0.147" /><testcase classname="backend.tests.test_iter7_insights.TestCohorts" name="test_triangle" time="0.109" /><testcase classname="backend.tests.test_iter7_insights.TestLTV" name="test_top" time="0.140" /><testcase classname="backend.tests.test_iter7_insights.TestLTV" name="test_reorder" time="0.131" /><testcase classname="backend.tests.test_iter7_insights.TestLTV" name="test_lookalikes" time="0.589" /><testcase classname="backend.tests.test_iter7_insights.TestLTV" name="test_lookalikes_404" time="0.109" /><testcase classname="backend.tests.test_iter7_insights.TestOps" name="test_daily_brief" time="0.837" /><testcase classname="backend.tests.test_iter7_insights.TestOps" name="test_daily_brief_assoc_blocked" time="0.103" /><testcase classname="backend.tests.test_iter7_insights.TestOps" name="test_leaderboard_week" time="0.126" /><testcase classname="backend.tests.test_iter7_insights.TestOps" name="test_leaderboard_month" time="0.154" /><testcase classname="backend.tests.test_iter7_insights.TestOps" name="test_leaderboard_invalid" time="0.134" /><testcase classname="backend.tests.test_iter7_insights.TestOps" name="test_upcoming_events_empty_initially" time="0.130" /><testcase classname="backend.tests.test_iter7_insights.TestLifeEventsDOB" name="test_dob_appears_in_events" time="0.170" /><testcase classname="backend.tests.test_iter7_insights.TestWishlist" name="test_create" time="0.115" /><testcase classname="backend.tests.test_iter7_insights.TestWishlist" name="test_list" time="0.112" /><testcase classname="backend.tests.test_iter7_insights.TestWishlist" name="test_fulfill" time="0.235" /><testcase classname="backend.tests.test_iter7_insights.TestWishlist" name="test_delete" time="0.240" /><testcase classname="backend.tests.test_iter7_insights.TestWalkins" name="test_create" time="0.133" /><testcase classname="backend.tests.test_iter7_insights.TestWalkins" name="test_list_today" time="0.136" /><testcase classname="backend.tests.test_iter7_insights.TestWalkins" name="test_serve" time="0.222" /><testcase classname="backend.tests.test_iter7_insights.TestReplySuggest" name="test_suggest_reply" time="3.513" /></testsuite></testsuites>