<?xml version="1.0" encoding="utf-8"?><testsuites name="pytest tests"><testsuite name="pytest" errors="0" failures="0" skipped="0" tests="6" time="47.436" timestamp="2026-05-07T15:07:24.993873+00:00" hostname="agent-env-08a75415-0b0e-4c37-9b31-a096a60f524b"><testcase classname="backend.tests.test_iteration_54_ibt_late_count.TestIbtSeenTracking" name="test_ibt_suggestions_populates_seen" time="15.944" /><testcase classname="backend.tests.test_iteration_54_ibt_late_count.TestIbtSeenTracking" name="test_ibt_warehouse_to_store_populates_seen" time="30.356" /><testcase classname="backend.tests.test_iteration_54_ibt_late_count.TestLateCountEndpoint" name="test_late_count_baseline_no_backdated" time="0.202" /><testcase classname="backend.tests.test_iteration_54_ibt_late_count.TestLateCountEndpoint" name="test_backdated_rows_count_as_late" time="0.146" /><testcase classname="backend.tests.test_iteration_54_ibt_late_count.TestLateCountEndpoint" name="test_completing_pair_drops_late_count" time="0.483" /><testcase classname="backend.tests.test_iteration_54_ibt_late_count.TestLateCountEndpoint" name="test_late_count_requires_auth" time="0.147" /></testsuite></testsuites>