<?xml version="1.0" encoding="utf-8"?><testsuites name="pytest tests"><testsuite name="pytest" errors="0" failures="2" skipped="0" tests="7" time="188.349" timestamp="2026-05-07T15:46:08.458431+00:00" hostname="agent-env-08a75415-0b0e-4c37-9b31-a096a60f524b"><testcase classname="backend.tests.test_iteration_55_alloc_targets.TestMonthlyTargets" name="test_has_new_summary_fields" time="60.788"><failure message="AssertionError: The preview environment is not responding. It may be starting up.&#10;  &#10;assert 502 == 200&#10; +  where 502 = &lt;Response [502]&gt;.status_code">backend/tests/test_iteration_55_alloc_targets.py:66: in test_has_new_summary_fields
    assert r.status_code == 200, r.text
E   AssertionError: The preview environment is not responding. It may be starting up.
E     
E   assert 502 == 200
E    +  where 502 = &lt;Response [502]&gt;.status_code</failure></testcase><testcase classname="backend.tests.test_iteration_55_alloc_targets.TestMonthlyTargets" name="test_daily_rows_have_suggested" time="60.137"><failure message="assert 502 == 200&#10; +  where 502 = &lt;Response [502]&gt;.status_code">backend/tests/test_iteration_55_alloc_targets.py:79: in test_daily_rows_have_suggested
    assert r.status_code == 200
E   assert 502 == 200
E    +  where 502 = &lt;Response [502]&gt;.status_code</failure></testcase><testcase classname="backend.tests.test_iteration_55_alloc_targets.TestMonthlyTargets" name="test_suggested_sum_matches_gap" time="4.927" /><testcase classname="backend.tests.test_iteration_55_alloc_targets.TestAllocationStyles" name="test_styles_list_non_empty" time="7.730" /><testcase classname="backend.tests.test_iteration_55_alloc_targets.TestAllocationReplenishment" name="test_replenishment_filters_by_style" time="54.241" /><testcase classname="backend.tests.test_iteration_55_alloc_targets.TestAllocationRuns" name="test_save_and_list_and_get" time="0.229" /><testcase classname="backend.tests.test_iteration_55_alloc_targets.TestAllocationRuns" name="test_get_run_404" time="0.146" /></testsuite></testsuites>