<?xml version="1.0" encoding="utf-8"?><testsuites name="pytest tests"><testsuite name="pytest" errors="0" failures="0" skipped="0" tests="9" time="8.477" timestamp="2026-04-27T16:45:45.646143+00:00" hostname="agent-env-08a75415-0b0e-4c37-9b31-a096a60f524b"><testcase classname="backend.tests.test_iteration_34.TestGlobalSearch" name="test_search_fast_long_query" time="0.523" /><testcase classname="backend.tests.test_iteration_34.TestGlobalSearch" name="test_search_short_query_skips_customers" time="0.120" /><testcase classname="backend.tests.test_iteration_34.TestGlobalSearch" name="test_search_unauth" time="0.142" /><testcase classname="backend.tests.test_iteration_34.TestCustomerSearch" name="test_customers_endpoint_long_query" time="0.113" /><testcase classname="backend.tests.test_iteration_34.TestCustomerSearch" name="test_customers_endpoint_short_query_returns_empty" time="0.124" /><testcase classname="backend.tests.test_iteration_34.TestCustomerSearch" name="test_customers_endpoint_unauth" time="0.131" /><testcase classname="backend.tests.test_iteration_34.TestWalkInsByLocation" name="test_walk_ins_includes_by_location" time="0.190" /><testcase classname="backend.tests.test_iteration_34.TestIbtSkuBreakdown" name="test_ibt_breakdown_shape" time="6.959" /><testcase classname="backend.tests.test_iteration_34.TestIbtSkuBreakdown" name="test_ibt_breakdown_unauth" time="0.114" /></testsuite></testsuites>