<?xml version="1.0" encoding="utf-8"?><testsuites name="pytest tests"><testsuite name="pytest" errors="0" failures="0" skipped="0" tests="14" time="5.257" timestamp="2026-04-24T18:45:54.164841+00:00" hostname="agent-env-08a75415-0b0e-4c37-9b31-a096a60f524b"><testcase classname="backend.tests.test_iteration_27_notifications.TestNotificationsAuth" name="test_refresh_requires_auth" time="0.229" /><testcase classname="backend.tests.test_iteration_27_notifications.TestNotificationsAuth" name="test_list_requires_auth" time="0.058" /><testcase classname="backend.tests.test_iteration_27_notifications.TestNotificationsAuth" name="test_unread_requires_auth" time="0.049" /><testcase classname="backend.tests.test_iteration_27_notifications.TestNotificationsAuth" name="test_read_requires_auth" time="0.059" /><testcase classname="backend.tests.test_iteration_27_notifications.TestNotificationsAuth" name="test_read_all_requires_auth" time="0.057" /><testcase classname="backend.tests.test_iteration_27_notifications.TestNotificationsRefreshAndList" name="test_refresh_first_call" time="2.352" /><testcase classname="backend.tests.test_iteration_27_notifications.TestNotificationsRefreshAndList" name="test_refresh_is_idempotent" time="0.736" /><testcase classname="backend.tests.test_iteration_27_notifications.TestNotificationsRefreshAndList" name="test_list_returns_rows" time="0.053" /><testcase classname="backend.tests.test_iteration_27_notifications.TestNotificationsRefreshAndList" name="test_no_duplicate_event_ids" time="0.055" /><testcase classname="backend.tests.test_iteration_27_notifications.TestNotificationsReadFlow" name="test_read_all_then_unread_zero" time="0.106" /><testcase classname="backend.tests.test_iteration_27_notifications.TestNotificationsReadFlow" name="test_single_read_404_on_bogus" time="0.059" /><testcase classname="backend.tests.test_iteration_27_notifications.TestNotificationsReadFlow" name="test_mark_single_read" time="0.962" /><testcase classname="backend.tests.test_iteration_27_notifications.TestNotificationsReadFlow" name="test_unread_count_shape" time="0.052" /><testcase classname="backend.tests.test_iteration_27_notifications.TestNotificationsResilience" name="test_refresh_still_returns_generated" time="0.349" /></testsuite></testsuites>