<?xml version="1.0" encoding="utf-8"?><testsuites name="pytest tests"><testsuite name="pytest" errors="0" failures="0" skipped="0" tests="6" time="11.919" timestamp="2026-05-14T13:52:04.434688+00:00" hostname="agent-env-08a75415-0b0e-4c37-9b31-a096a60f524b"><testcase classname="backend.tests.test_iteration_80_warm_path_and_source" name="test_customers_warm_under_2s" time="2.467" /><testcase classname="backend.tests.test_iteration_80_warm_path_and_source" name="test_sor_warm_under_2s" time="1.713" /><testcase classname="backend.tests.test_iteration_80_warm_path_and_source" name="test_daily_trend_warm_under_2s" time="0.607" /><testcase classname="backend.tests.test_iteration_80_warm_path_and_source" name="test_kpis_served_from_snapshot" time="0.568" /><testcase classname="backend.tests.test_iteration_80_warm_path_and_source" name="test_kpi_country_match_across_3_refreshes" time="5.362" /><testcase classname="backend.tests.test_iteration_80_warm_path_and_source" name="test_no_cache_off_in_recon_summary" time="1.120" /></testsuite></testsuites>