<?xml version="1.0" encoding="utf-8"?><testsuites name="pytest tests"><testsuite name="pytest" errors="0" failures="0" skipped="1" tests="6" time="123.261" timestamp="2026-04-30T13:04:50.439722+00:00" hostname="agent-env-08a75415-0b0e-4c37-9b31-a096a60f524b"><testcase classname="backend.tests.test_iteration_42" name="test_customer_retention_returns_pct" time="40.106" /><testcase classname="backend.tests.test_iteration_42.TestStockScopeSubcat" name="test_stores_default" time="21.815" /><testcase classname="backend.tests.test_iteration_42.TestStockScopeSubcat" name="test_warehouse_differs_from_stores" time="0.367" /><testcase classname="backend.tests.test_iteration_42.TestStockScopeSubcat" name="test_combined_equals_or_greater_than_stores" time="0.344" /><testcase classname="backend.tests.test_iteration_42.TestStockScopeCategory" name="test_all_three_scopes_succeed" time="0.450" /><testcase classname="backend.tests.test_iteration_42" name="test_style_sku_breakdown_bulk" time="60.103"><skipped type="pytest.skip" message="upstream transient 502 (cold 6m fan-out)">/app/backend/tests/test_iteration_42.py:130: upstream transient 502 (cold 6m fan-out)</skipped></testcase></testsuite></testsuites>