<?xml version="1.0" encoding="utf-8"?><testsuites name="pytest tests"><testsuite name="pytest" errors="0" failures="0" skipped="0" tests="7" time="134.444" timestamp="2026-04-28T13:24:54.294635+00:00" hostname="agent-env-08a75415-0b0e-4c37-9b31-a096a60f524b"><testcase classname="backend.tests.test_iteration_36.TestNewStylesCurve" name="test_unauth_returns_401_or_403" time="0.249" /><testcase classname="backend.tests.test_iteration_36.TestNewStylesCurve" name="test_curve_shape_for_days[60]" time="24.965" /><testcase classname="backend.tests.test_iteration_36.TestNewStylesCurve" name="test_curve_shape_for_days[122]" time="39.067" /><testcase classname="backend.tests.test_iteration_36.TestNewStylesCurve" name="test_curve_shape_for_days[180]" time="59.637" /><testcase classname="backend.tests.test_iteration_36.TestNewStylesCurve" name="test_curve_default_days_is_122" time="0.651" /><testcase classname="backend.tests.test_iteration_36.TestSorAllStylesRegression" name="test_unauth_returns_401_or_403" time="0.108" /><testcase classname="backend.tests.test_iteration_36.TestSorAllStylesRegression" name="test_returns_catalog_list" time="9.682" /></testsuite></testsuites>