<?xml version="1.0" encoding="utf-8"?><testsuites name="pytest tests"><testsuite name="pytest" errors="0" failures="0" skipped="0" tests="26" time="63.975" timestamp="2026-04-17T14:45:08.055383+00:00" hostname="agent-env-08a75415-0b0e-4c37-9b31-a096a60f524b"><testcase classname="backend.tests.test_vivo_bi_api_v4.TestKpisEndpoint" name="test_kpis_returns_all_required_fields" time="2.727" /><testcase classname="backend.tests.test_vivo_bi_api_v4.TestKpisEndpoint" name="test_kpis_country_kenya_returns_kenya_only" time="1.733" /><testcase classname="backend.tests.test_vivo_bi_api_v4.TestKpisEndpoint" name="test_kpis_multi_country_aggregation" time="6.397" /><testcase classname="backend.tests.test_vivo_bi_api_v4.TestKpisEndpoint" name="test_kpis_single_channel_filter" time="1.718" /><testcase classname="backend.tests.test_vivo_bi_api_v4.TestCountrySummaryEndpoint" name="test_country_summary_returns_4_countries" time="2.223" /><testcase classname="backend.tests.test_vivo_bi_api_v4.TestCountrySummaryEndpoint" name="test_country_summary_has_required_fields" time="1.842" /><testcase classname="backend.tests.test_vivo_bi_api_v4.TestSalesSummaryEndpoint" name="test_sales_summary_country_kenya_returns_kenyan_channels" time="2.005" /><testcase classname="backend.tests.test_vivo_bi_api_v4.TestSalesSummaryEndpoint" name="test_sales_summary_multi_country_returns_combined_channels" time="5.866" /><testcase classname="backend.tests.test_vivo_bi_api_v4.TestTopSkusEndpoint" name="test_top_skus_limit_20_returns_20_items" time="1.813" /><testcase classname="backend.tests.test_vivo_bi_api_v4.TestTopSkusEndpoint" name="test_top_skus_multi_country_merges_same_sku" time="1.854" /><testcase classname="backend.tests.test_vivo_bi_api_v4.TestSorEndpoint" name="test_sor_returns_list_with_sor_percent" time="2.264" /><testcase classname="backend.tests.test_vivo_bi_api_v4.TestSorEndpoint" name="test_sor_multi_country_recomputes_sor_percent" time="2.804" /><testcase classname="backend.tests.test_vivo_bi_api_v4.TestDailyTrendEndpoint" name="test_daily_trend_returns_daily_breakdown" time="2.253" /><testcase classname="backend.tests.test_vivo_bi_api_v4.TestDailyTrendEndpoint" name="test_daily_trend_multi_country_aggregates_per_day" time="3.811" /><testcase classname="backend.tests.test_vivo_bi_api_v4.TestInventoryEndpoint" name="test_inventory_country_filter_works" time="2.904" /><testcase classname="backend.tests.test_vivo_bi_api_v4.TestAnalyticsInventorySummary" name="test_inventory_summary_returns_all_required_fields" time="2.438" /><testcase classname="backend.tests.test_vivo_bi_api_v4.TestAnalyticsLowStock" name="test_low_stock_threshold_2_returns_sorted_ascending" time="2.527" /><testcase classname="backend.tests.test_vivo_bi_api_v4.TestAnalyticsInsights" name="test_insights_returns_required_fields" time="6.666" /><testcase classname="backend.tests.test_vivo_bi_api_v4.TestAnalyticsInsights" name="test_insights_text_contains_percent_and_kes" time="6.398" /><testcase classname="backend.tests.test_vivo_bi_api_v4.TestAnalyticsReturns" name="test_returns_has_top_channels_sorted_by_returns_desc" time="1.410" /><testcase classname="backend.tests.test_vivo_bi_api_v4.TestRootAndLocations" name="test_root_endpoint" time="0.128" /><testcase classname="backend.tests.test_vivo_bi_api_v4.TestRootAndLocations" name="test_locations_endpoint" time="1.646" /><testcase classname="backend.tests.test_vivo_bi_api_v4.TestRemovedEndpoints" name="test_analytics_highlights_removed" time="0.101" /><testcase classname="backend.tests.test_vivo_bi_api_v4.TestRemovedEndpoints" name="test_analytics_by_country_removed" time="0.120" /><testcase classname="backend.tests.test_vivo_bi_api_v4.TestRemovedEndpoints" name="test_analytics_new_styles_removed" time="0.107" /><testcase classname="backend.tests.test_vivo_bi_api_v4.TestRemovedEndpoints" name="test_analytics_kpis_plus_removed" time="0.105" /></testsuite></testsuites>