<?xml version="1.0" encoding="utf-8"?><testsuites name="pytest tests"><testsuite name="pytest" errors="0" failures="0" skipped="0" tests="7" time="22.819" timestamp="2026-04-19T13:26:00.605999+00:00" hostname="agent-env-08a75415-0b0e-4c37-9b31-a096a60f524b"><testcase classname="backend.tests.test_iteration_6.TestNewStyles" name="test_new_styles_basic" time="3.855" /><testcase classname="backend.tests.test_iteration_6.TestNewStyles" name="test_new_styles_country_filter" time="7.667" /><testcase classname="backend.tests.test_iteration_6.TestRegression" name="test_footfall" time="3.556" /><testcase classname="backend.tests.test_iteration_6.TestRegression" name="test_kpis" time="1.386" /><testcase classname="backend.tests.test_iteration_6.TestRegression" name="test_inventory_summary" time="2.425" /><testcase classname="backend.tests.test_iteration_6.TestRegression" name="test_stock_to_sales" time="1.843" /><testcase classname="backend.tests.test_iteration_6.TestRegression" name="test_subcategory_stock_sales" time="1.873" /></testsuite></testsuites>