<?xml version="1.0" encoding="utf-8"?><testsuites name="pytest tests"><testsuite name="pytest" errors="0" failures="0" skipped="0" tests="11" time="72.092" timestamp="2026-04-22T10:42:31.319612+00:00" hostname="agent-env-08a75415-0b0e-4c37-9b31-a096a60f524b"><testcase classname="backend.tests.test_iteration_14_customers.TestCustomerEndpoints" name="test_top_customers" time="3.936" /><testcase classname="backend.tests.test_iteration_14_customers.TestCustomerEndpoints" name="test_customer_search" time="3.190" /><testcase classname="backend.tests.test_iteration_14_customers.TestCustomerEndpoints" name="test_customer_search_empty_query" time="0.052" /><testcase classname="backend.tests.test_iteration_14_customers.TestCustomerEndpoints" name="test_churned_customers" time="3.254" /><testcase classname="backend.tests.test_iteration_14_customers.TestCustomerEndpoints" name="test_customer_frequency" time="8.432" /><testcase classname="backend.tests.test_iteration_14_customers.TestCustomerEndpoints" name="test_customers_by_location" time="10.242" /><testcase classname="backend.tests.test_iteration_14_customers.TestCustomerEndpoints" name="test_new_customer_products" time="6.472" /><testcase classname="backend.tests.test_iteration_14_customers.TestCustomerEndpoints" name="test_customer_products_requires_id" time="9.393" /><testcase classname="backend.tests.test_iteration_14_customers.TestDataFreshness" name="test_data_freshness" time="5.469" /><testcase classname="backend.tests.test_iteration_14_customers.TestInventoryLocationFilter" name="test_inventory_summary_vivo_sarit" time="1.428" /><testcase classname="backend.tests.test_iteration_14_customers.TestInventoryLocationFilter" name="test_inventory_summary_no_filter" time="20.065" /></testsuite></testsuites>