<?xml version="1.0" encoding="utf-8"?><testsuites name="pytest tests"><testsuite name="pytest" errors="0" failures="0" skipped="0" tests="15" time="44.718" timestamp="2026-04-17T11:07:58.076569+00:00" hostname="agent-env-08a75415-0b0e-4c37-9b31-a096a60f524b"><testcase classname="backend.tests.test_vivo_bi_api.TestRootEndpoint" name="test_root_returns_ok" time="0.190" /><testcase classname="backend.tests.test_vivo_bi_api.TestLocationsEndpoint" name="test_locations_returns_list" time="1.750" /><testcase classname="backend.tests.test_vivo_bi_api.TestSalesEndpoint" name="test_sales_returns_list" time="2.794" /><testcase classname="backend.tests.test_vivo_bi_api.TestSalesEndpoint" name="test_sales_with_date_filter" time="2.553" /><testcase classname="backend.tests.test_vivo_bi_api.TestInventoryEndpoint" name="test_inventory_returns_list" time="3.180" /><testcase classname="backend.tests.test_vivo_bi_api.TestInventoryEndpoint" name="test_inventory_filter_by_country" time="7.371" /><testcase classname="backend.tests.test_vivo_bi_api.TestSalesSummaryEndpoint" name="test_sales_summary_returns_aggregates" time="1.692" /><testcase classname="backend.tests.test_vivo_bi_api.TestAnalyticsOverview" name="test_overview_returns_kpis" time="1.626" /><testcase classname="backend.tests.test_vivo_bi_api.TestAnalyticsByCountry" name="test_by_country_returns_sorted_list" time="1.604" /><testcase classname="backend.tests.test_vivo_bi_api.TestAnalyticsTopProducts" name="test_top_products_with_limit" time="2.551" /><testcase classname="backend.tests.test_vivo_bi_api.TestAnalyticsTopBrands" name="test_top_brands_returns_aggregates" time="2.448" /><testcase classname="backend.tests.test_vivo_bi_api.TestAnalyticsProductTypes" name="test_product_types_returns_aggregates" time="2.402" /><testcase classname="backend.tests.test_vivo_bi_api.TestAnalyticsInventorySummary" name="test_inventory_summary_returns_structure" time="2.772" /><testcase classname="backend.tests.test_vivo_bi_api.TestAnalyticsLowStock" name="test_low_stock_with_threshold" time="2.703" /><testcase classname="backend.tests.test_vivo_bi_api.TestUpstreamErrorHandling" name="test_valid_requests_return_2xx" time="8.910" /></testsuite></testsuites>