<?xml version="1.0" encoding="utf-8"?><testsuites name="pytest tests"><testsuite name="pytest" errors="0" failures="0" skipped="0" tests="7" time="3.728" timestamp="2026-04-24T17:34:12.840178+00:00" hostname="agent-env-08a75415-0b0e-4c37-9b31-a096a60f524b"><testcase classname="backend.tests.test_iteration_24_weekday_dq.TestWeekdayPattern" name="test_requires_auth" time="0.138" /><testcase classname="backend.tests.test_iteration_24_weekday_dq.TestWeekdayPattern" name="test_default_window_shape" time="2.193" /><testcase classname="backend.tests.test_iteration_24_weekday_dq.TestWeekdayPattern" name="test_cache_second_call_fast" time="0.249" /><testcase classname="backend.tests.test_iteration_24_weekday_dq.TestWeekdayPattern" name="test_invalid_dates" time="0.130" /><testcase classname="backend.tests.test_iteration_24_weekday_dq.TestRecommendationsDQ" name="test_post_get_delete_dq" time="0.595" /><testcase classname="backend.tests.test_iteration_24_weekday_dq.TestRecommendationsDQ" name="test_reorder_and_ibt_still_work" time="0.228" /><testcase classname="backend.tests.test_iteration_24_weekday_dq.TestRecommendationsDQ" name="test_rejects_unknown_item_type" time="0.123" /></testsuite></testsuites>