<?xml version="1.0" encoding="utf-8"?><testsuites name="pytest tests"><testsuite name="pytest" errors="0" failures="2" skipped="0" tests="15" time="37.222" timestamp="2026-04-24T16:23:22.664084+00:00" hostname="agent-env-08a75415-0b0e-4c37-9b31-a096a60f524b"><testcase classname="backend.tests.test_iteration_21_audit.TestAvgCustomerSpend" name="test_avg_spend_recomputed_local" time="27.477" /><testcase classname="backend.tests.test_iteration_21_audit.TestAvgCustomerSpend" name="test_customers_no_mongo_id_leak" time="2.625" /><testcase classname="backend.tests.test_iteration_21_audit.TestCustomersChurn" name="test_churn_365d_window" time="2.713" /><testcase classname="backend.tests.test_iteration_21_audit.TestRecommendations" name="test_requires_auth" time="0.205" /><testcase classname="backend.tests.test_iteration_21_audit.TestRecommendations" name="test_list_empty_or_list" time="0.113" /><testcase classname="backend.tests.test_iteration_21_audit.TestRecommendations" name="test_crud_flow" time="0.499" /><testcase classname="backend.tests.test_iteration_21_audit.TestRecommendations" name="test_invalid_status_rejected" time="0.126" /><testcase classname="backend.tests.test_iteration_21_audit.TestRecommendations" name="test_bulk_delete" time="0.394" /><testcase classname="backend.tests.test_iteration_21_audit.TestLastVisit" name="test_requires_auth" time="0.114" /><testcase classname="backend.tests.test_iteration_21_audit.TestLastVisit" name="test_shape" time="0.114" /><testcase classname="backend.tests.test_iteration_21_audit.TestRegression" name="test_kpis" time="0.248" /><testcase classname="backend.tests.test_iteration_21_audit.TestRegression" name="test_sales_by_location" time="0.123"><failure message="assert 404 == 200&#10; +  where 404 = &lt;Response [404]&gt;.status_code">backend/tests/test_iteration_21_audit.py:154: in test_sales_by_location
    assert r.status_code == 200
E   assert 404 == 200
E    +  where 404 = &lt;Response [404]&gt;.status_code</failure></testcase><testcase classname="backend.tests.test_iteration_21_audit.TestRegression" name="test_leaderboard" time="0.112"><failure message="assert 404 == 200&#10; +  where 404 = &lt;Response [404]&gt;.status_code">backend/tests/test_iteration_21_audit.py:160: in test_leaderboard
    assert r.status_code == 200
E   assert 404 == 200
E    +  where 404 = &lt;Response [404]&gt;.status_code</failure></testcase><testcase classname="backend.tests.test_iteration_21_audit.TestRegression" name="test_footfall" time="2.112" /><testcase classname="backend.tests.test_iteration_21_audit.TestRegression" name="test_ibt_suggestions" time="0.132" /></testsuite></testsuites>