<?xml version="1.0" encoding="utf-8"?><testsuites name="pytest tests"><testsuite name="pytest" errors="0" failures="0" skipped="0" tests="5" time="59.374" timestamp="2026-04-22T13:29:03.931013+00:00" hostname="agent-env-08a75415-0b0e-4c37-9b31-a096a60f524b"><testcase classname="backend.tests.test_iteration_15_ibt.TestSalesProjection" name="test_sales_projection_basic" time="4.812" /><testcase classname="backend.tests.test_iteration_15_ibt.TestSalesProjection" name="test_sales_projection_invalid_date" time="0.115" /><testcase classname="backend.tests.test_iteration_15_ibt.TestIBTSuggestions" name="test_ibt_returns_list_excludes_warehouses" time="43.986" /><testcase classname="backend.tests.test_iteration_15_ibt.TestCustomerCrosswalk" name="test_crosswalk_structure" time="5.089" /><testcase classname="backend.tests.test_iteration_15_ibt.TestCustomersChurn" name="test_churn_rate_in_range" time="5.205" /></testsuite></testsuites>