<?xml version="1.0" encoding="utf-8"?><testsuites name="pytest tests"><testsuite name="pytest" errors="0" failures="0" skipped="0" tests="17" time="10.222" timestamp="2026-04-20T13:14:47.875191+00:00" hostname="agent-env-08a75415-0b0e-4c37-9b31-a096a60f524b"><testcase classname="backend.tests.test_iteration_8_auth.TestAuth" name="test_kpis_without_auth_returns_401" time="0.152" /><testcase classname="backend.tests.test_iteration_8_auth.TestAuth" name="test_health_is_public" time="0.134" /><testcase classname="backend.tests.test_iteration_8_auth.TestAuth" name="test_login_success_returns_admin" time="0.350" /><testcase classname="backend.tests.test_iteration_8_auth.TestAuth" name="test_login_wrong_password_returns_401" time="0.354" /><testcase classname="backend.tests.test_iteration_8_auth.TestAuth" name="test_google_callback_bogus_session_returns_400" time="0.256" /><testcase classname="backend.tests.test_iteration_8_auth.TestAuth" name="test_me_without_auth_returns_401" time="0.108" /><testcase classname="backend.tests.test_iteration_8_auth.TestAuth" name="test_me_with_bearer_returns_user" time="0.454" /><testcase classname="backend.tests.test_iteration_8_auth.TestAuth" name="test_kpis_with_auth_returns_data" time="2.426" /><testcase classname="backend.tests.test_iteration_8_auth.TestActivityLogs" name="test_activity_log_records_authed_kpi_call" time="3.422" /><testcase classname="backend.tests.test_iteration_8_auth.TestAdminUsers" name="test_list_users_as_admin" time="0.108" /><testcase classname="backend.tests.test_iteration_8_auth.TestAdminUsers" name="test_create_viewer_user" time="0.330" /><testcase classname="backend.tests.test_iteration_8_auth.TestAdminUsers" name="test_new_viewer_can_login" time="0.331" /><testcase classname="backend.tests.test_iteration_8_auth.TestAdminUsers" name="test_viewer_cannot_list_users" time="0.443" /><testcase classname="backend.tests.test_iteration_8_auth.TestAdminUsers" name="test_update_user_role" time="0.215" /><testcase classname="backend.tests.test_iteration_8_auth.TestAdminUsers" name="test_cannot_demote_self" time="0.218" /><testcase classname="backend.tests.test_iteration_8_auth.TestAdminUsers" name="test_cleanup_delete_user" time="0.126" /><testcase classname="backend.tests.test_iteration_8_auth.TestLogout" name="test_logout_invalidates_token" time="0.706" /></testsuite></testsuites>