<?xml version="1.0" encoding="utf-8"?><testsuites name="pytest tests"><testsuite name="pytest" errors="0" failures="1" skipped="0" tests="8" time="44.392" timestamp="2026-04-24T15:18:22.598572+00:00" hostname="agent-env-08a75415-0b0e-4c37-9b31-a096a60f524b"><testcase classname="backend.tests.test_iteration_20_sotw.TestStoreOfTheWeek" name="test_requires_auth" time="20.157"><failure message="requests.exceptions.ReadTimeout: HTTPSConnectionPool(host='bi-platform-2.preview.emergentagent.com', port=443): Read timed out. (read timeout=20)">/root/.venv/lib/python3.11/site-packages/urllib3/connectionpool.py:534: in _make_request
    response = conn.getresponse()
               ^^^^^^^^^^^^^^^^^^
/root/.venv/lib/python3.11/site-packages/urllib3/connection.py:571: in getresponse
    httplib_response = super().getresponse()
                       ^^^^^^^^^^^^^^^^^^^^^
/usr/local/lib/python3.11/http/client.py:1415: in getresponse
    response.begin()
/usr/local/lib/python3.11/http/client.py:330: in begin
    version, status, reason = self._read_status()
                              ^^^^^^^^^^^^^^^^^^^
/usr/local/lib/python3.11/http/client.py:291: in _read_status
    line = str(self.fp.readline(_MAXLINE + 1), "iso-8859-1")
               ^^^^^^^^^^^^^^^^^^^^^^^^^^^^^^
/usr/local/lib/python3.11/socket.py:718: in readinto
    return self._sock.recv_into(b)
           ^^^^^^^^^^^^^^^^^^^^^^^
/usr/local/lib/python3.11/ssl.py:1314: in recv_into
    return self.read(nbytes, buffer)
           ^^^^^^^^^^^^^^^^^^^^^^^^^
/usr/local/lib/python3.11/ssl.py:1166: in read
    return self._sslobj.read(len, buffer)
           ^^^^^^^^^^^^^^^^^^^^^^^^^^^^^^
E   TimeoutError: The read operation timed out

The above exception was the direct cause of the following exception:
/root/.venv/lib/python3.11/site-packages/requests/adapters.py:645: in send
    resp = conn.urlopen(
/root/.venv/lib/python3.11/site-packages/urllib3/connectionpool.py:841: in urlopen
    retries = retries.increment(
/root/.venv/lib/python3.11/site-packages/urllib3/util/retry.py:490: in increment
    raise reraise(type(error), error, _stacktrace)
          ^^^^^^^^^^^^^^^^^^^^^^^^^^^^^^^^^^^^^^^^
/root/.venv/lib/python3.11/site-packages/urllib3/util/util.py:39: in reraise
    raise value
/root/.venv/lib/python3.11/site-packages/urllib3/connectionpool.py:787: in urlopen
    response = self._make_request(
/root/.venv/lib/python3.11/site-packages/urllib3/connectionpool.py:536: in _make_request
    self._raise_timeout(err=e, url=url, timeout_value=read_timeout)
/root/.venv/lib/python3.11/site-packages/urllib3/connectionpool.py:367: in _raise_timeout
    raise ReadTimeoutError(
E   urllib3.exceptions.ReadTimeoutError: HTTPSConnectionPool(host='bi-platform-2.preview.emergentagent.com', port=443): Read timed out. (read timeout=20)

During handling of the above exception, another exception occurred:
backend/tests/test_iteration_20_sotw.py:28: in test_requires_auth
    r = requests.get(f"{BASE_URL}/api/leaderboard/store-of-the-week", timeout=20)
        ^^^^^^^^^^^^^^^^^^^^^^^^^^^^^^^^^^^^^^^^^^^^^^^^^^^^^^^^^^^^^^^^^^^^^^^^^
/root/.venv/lib/python3.11/site-packages/requests/api.py:73: in get
    return request("get", url, params=params, **kwargs)
           ^^^^^^^^^^^^^^^^^^^^^^^^^^^^^^^^^^^^^^^^^^^^
/root/.venv/lib/python3.11/site-packages/requests/api.py:59: in request
    return session.request(method=method, url=url, **kwargs)
           ^^^^^^^^^^^^^^^^^^^^^^^^^^^^^^^^^^^^^^^^^^^^^^^^^
/root/.venv/lib/python3.11/site-packages/requests/sessions.py:592: in request
    resp = self.send(prep, **send_kwargs)
           ^^^^^^^^^^^^^^^^^^^^^^^^^^^^^^
/root/.venv/lib/python3.11/site-packages/requests/sessions.py:706: in send
    r = adapter.send(request, **kwargs)
        ^^^^^^^^^^^^^^^^^^^^^^^^^^^^^^^
/root/.venv/lib/python3.11/site-packages/requests/adapters.py:691: in send
    raise ReadTimeout(e, request=request)
E   requests.exceptions.ReadTimeout: HTTPSConnectionPool(host='bi-platform-2.preview.emergentagent.com', port=443): Read timed out. (read timeout=20)</failure></testcase><testcase classname="backend.tests.test_iteration_20_sotw.TestStoreOfTheWeek" name="test_payload_shape" time="21.375" /><testcase classname="backend.tests.test_iteration_20_sotw.TestStoreOfTheWeek" name="test_no_id_leakage" time="0.179" /><testcase classname="backend.tests.test_iteration_20_sotw.TestStoreOfTheWeek" name="test_cache_behavior" time="0.351" /><testcase classname="backend.tests.test_iteration_20_sotw.TestStoreOfTheWeek" name="test_window_is_7_day_range" time="0.125" /><testcase classname="backend.tests.test_iteration_20_sotw.TestRegression" name="test_kpis_ok" time="1.522" /><testcase classname="backend.tests.test_iteration_20_sotw.TestRegression" name="test_streaks_ok" time="0.135" /><testcase classname="backend.tests.test_iteration_20_sotw.TestRegression" name="test_activity_streak_ok" time="0.139" /></testsuite></testsuites>