<?xml version="1.0" encoding="utf-8"?><testsuites name="pytest tests"><testsuite name="pytest" errors="0" failures="0" skipped="0" tests="6" time="3.357" timestamp="2026-04-24T15:02:22.819070+00:00" hostname="agent-env-08a75415-0b0e-4c37-9b31-a096a60f524b"><testcase classname="backend.tests.test_iteration_19_streaks.TestActivityStreak" name="test_unauth_returns_401" time="0.304" /><testcase classname="backend.tests.test_iteration_19_streaks.TestActivityStreak" name="test_auth_shape" time="0.523" /><testcase classname="backend.tests.test_iteration_19_streaks.TestLeaderboardStreaks" name="test_auth_shape" time="0.146" /><testcase classname="backend.tests.test_iteration_19_streaks.TestLeaderboardStreaks" name="test_no_mongo_id_leak" time="0.123" /><testcase classname="backend.tests.test_iteration_19_streaks.TestRegression" name="test_me" time="0.159" /><testcase classname="backend.tests.test_iteration_19_streaks.TestRegression" name="test_kpis_load" time="1.875" /></testsuite></testsuites>