<?xml version="1.0" encoding="utf-8"?><testsuites name="pytest tests"><testsuite name="pytest" errors="0" failures="0" skipped="0" tests="7" time="9.763" timestamp="2026-04-20T14:13:55.359556+00:00" hostname="agent-env-08a75415-0b0e-4c37-9b31-a096a60f524b"><testcase classname="backend.tests.test_iteration_9_chat" name="test_chat_requires_auth" time="0.222" /><testcase classname="backend.tests.test_iteration_9_chat" name="test_chat_history_requires_auth" time="0.133" /><testcase classname="backend.tests.test_iteration_9_chat" name="test_kpis_with_auth" time="2.567" /><testcase classname="backend.tests.test_iteration_9_chat" name="test_chat_empty_message_400" time="0.119" /><testcase classname="backend.tests.test_iteration_9_chat" name="test_chat_post_returns_answer" time="2.351" /><testcase classname="backend.tests.test_iteration_9_chat" name="test_chat_post_second_turn_multiturn" time="3.182" /><testcase classname="backend.tests.test_iteration_9_chat" name="test_chat_history_returns_turns" time="1.112" /></testsuite></testsuites>