<?xml version="1.0" encoding="utf-8"?><testsuites name="pytest tests"><testsuite name="pytest" errors="0" failures="0" skipped="0" tests="10" time="44.886" timestamp="2026-04-20T10:47:30.340133+00:00" hostname="agent-env-08a75415-0b0e-4c37-9b31-a096a60f524b"><testcase classname="backend.tests.test_iteration_7.TestActivePOS" name="test_active_pos_returns_list" time="3.592" /><testcase classname="backend.tests.test_iteration_7.TestActivePOS" name="test_active_pos_no_warehouse_or_online" time="3.271" /><testcase classname="backend.tests.test_iteration_7.TestSTSbySubcat" name="test_sts_by_subcat_schema" time="4.415" /><testcase classname="backend.tests.test_iteration_7.TestSTSbyCategory" name="test_sts_by_category_rollup" time="2.269" /><testcase classname="backend.tests.test_iteration_7.TestWeeksOfCover" name="test_weeks_of_cover_schema" time="1.491" /><testcase classname="backend.tests.test_iteration_7.TestSubcategorySales" name="test_one_row_per_subcat" time="4.540" /><testcase classname="backend.tests.test_iteration_7.TestRegression" name="test_kpis" time="4.116" /><testcase classname="backend.tests.test_iteration_7.TestRegression" name="test_top_skus" time="4.061" /><testcase classname="backend.tests.test_iteration_7.TestRegression" name="test_footfall" time="4.468" /><testcase classname="backend.tests.test_iteration_7.TestRegression" name="test_inventory_summary" time="12.497" /></testsuite></testsuites>