<?xml version="1.0" encoding="utf-8"?><testsuites name="pytest tests"><testsuite name="pytest" errors="0" failures="0" skipped="0" tests="28" time="22.955" timestamp="2026-05-08T14:32:19.875477+00:00" hostname="agent-env-51d15dfa-ad0e-4370-abb3-d6c0e1d1515e"><testcase classname="backend.tests.test_vivo_clienteling.TestHealthAuth" name="test_health" time="0.875" /><testcase classname="backend.tests.test_vivo_clienteling.TestHealthAuth" name="test_me_unauth" time="0.177" /><testcase classname="backend.tests.test_vivo_clienteling.TestHealthAuth" name="test_me_mgr" time="0.156" /><testcase classname="backend.tests.test_vivo_clienteling.TestHealthAuth" name="test_me_assoc" time="0.154" /><testcase classname="backend.tests.test_vivo_clienteling.TestBI" name="test_kpis" time="0.687" /><testcase classname="backend.tests.test_vivo_clienteling.TestBI" name="test_country_summary" time="0.743" /><testcase classname="backend.tests.test_vivo_clienteling.TestBI" name="test_top_customers" time="3.959" /><testcase classname="backend.tests.test_vivo_clienteling.TestBI" name="test_customer_search" time="4.098" /><testcase classname="backend.tests.test_vivo_clienteling.TestBI" name="test_customer_profile" time="0.976" /><testcase classname="backend.tests.test_vivo_clienteling.TestBI" name="test_churned" time="4.989" /><testcase classname="backend.tests.test_vivo_clienteling.TestBI" name="test_locations" time="0.062" /><testcase classname="backend.tests.test_vivo_clienteling.TestBI" name="test_top_skus" time="1.408" /><testcase classname="backend.tests.test_vivo_clienteling.TestBI" name="test_daily_trend" time="1.606" /><testcase classname="backend.tests.test_vivo_clienteling.TestBI" name="test_sales_summary" time="0.721" /><testcase classname="backend.tests.test_vivo_clienteling.TestBI" name="test_bi_unauth" time="0.178" /><testcase classname="backend.tests.test_vivo_clienteling.TestNotes" name="test_notes_crud" time="0.223" /><testcase classname="backend.tests.test_vivo_clienteling.TestTasks" name="test_tasks_flow" time="0.345" /><testcase classname="backend.tests.test_vivo_clienteling.TestPreferences" name="test_prefs_upsert" time="0.151" /><testcase classname="backend.tests.test_vivo_clienteling.TestTemplates" name="test_seeded" time="0.062" /><testcase classname="backend.tests.test_vivo_clienteling.TestTemplates" name="test_create_manager" time="0.130" /><testcase classname="backend.tests.test_vivo_clienteling.TestMessagesConsent" name="test_send_then_optout_blocks" time="0.302" /><testcase classname="backend.tests.test_vivo_clienteling.TestLookbooks" name="test_create_and_share" time="0.373" /><testcase classname="backend.tests.test_vivo_clienteling.TestAudit" name="test_audit_manager_only" time="0.079" /><testcase classname="backend.tests.test_vivo_clienteling.TestAudit" name="test_audit_assoc_forbidden" time="0.080" /><testcase classname="backend.tests.test_vivo_clienteling.TestDashboards" name="test_me_dash" time="0.063" /><testcase classname="backend.tests.test_vivo_clienteling.TestDashboards" name="test_manager_dash" time="0.067" /><testcase classname="backend.tests.test_vivo_clienteling.TestDashboards" name="test_manager_dash_assoc_forbidden" time="0.077" /><testcase classname="backend.tests.test_vivo_clienteling.TestDashboards" name="test_template_create_assoc_forbidden" time="0.065" /></testsuite></testsuites>