<?xml version="1.0" encoding="utf-8"?><testsuites name="pytest tests"><testsuite name="pytest" errors="0" failures="0" skipped="0" tests="24" time="130.897" timestamp="2026-04-19T12:42:32.289578+00:00" hostname="agent-env-08a75415-0b0e-4c37-9b31-a096a60f524b"><testcase classname="backend.tests.test_vivo_bi_api_v5.TestCustomersEndpoint" name="test_customers_returns_all_required_fields" time="7.401" /><testcase classname="backend.tests.test_vivo_bi_api_v5.TestCustomersEndpoint" name="test_customers_country_kenya_returns_kenya_only" time="10.584" /><testcase classname="backend.tests.test_vivo_bi_api_v5.TestCustomersEndpoint" name="test_customers_multi_country_weighted_average" time="19.919" /><testcase classname="backend.tests.test_vivo_bi_api_v5.TestCustomerTrendEndpoint" name="test_customer_trend_returns_daily_rows" time="1.731" /><testcase classname="backend.tests.test_vivo_bi_api_v5.TestCustomerTrendEndpoint" name="test_customer_trend_multi_country_merges_per_day" time="11.818" /><testcase classname="backend.tests.test_vivo_bi_api_v5.TestFootfallEndpoint" name="test_footfall_returns_location_rows" time="3.589" /><testcase classname="backend.tests.test_vivo_bi_api_v5.TestFootfallEndpoint" name="test_footfall_channel_filter_single_location" time="4.145" /><testcase classname="backend.tests.test_vivo_bi_api_v5.TestSubcategorySalesEndpoint" name="test_subcategory_sales_returns_rows_with_required_fields" time="1.856" /><testcase classname="backend.tests.test_vivo_bi_api_v5.TestSubcategorySalesEndpoint" name="test_subcategory_sales_multi_country_merges" time="6.049" /><testcase classname="backend.tests.test_vivo_bi_api_v5.TestSubcategoryStockSalesEndpoint" name="test_subcategory_stock_sales_returns_rows_with_required_fields" time="2.284" /><testcase classname="backend.tests.test_vivo_bi_api_v5.TestStockToSalesEndpoint" name="test_stock_to_sales_returns_rows_with_required_fields" time="1.867" /><testcase classname="backend.tests.test_vivo_bi_api_v5.TestStockToSalesEndpoint" name="test_stock_to_sales_multi_country_dedupes" time="5.389" /><testcase classname="backend.tests.test_vivo_bi_api_v5.TestExistingEndpointsRegression" name="test_kpis_still_works" time="4.393" /><testcase classname="backend.tests.test_vivo_bi_api_v5.TestExistingEndpointsRegression" name="test_country_summary_still_works" time="3.232" /><testcase classname="backend.tests.test_vivo_bi_api_v5.TestExistingEndpointsRegression" name="test_sales_summary_still_works" time="3.242" /><testcase classname="backend.tests.test_vivo_bi_api_v5.TestExistingEndpointsRegression" name="test_top_skus_still_works" time="5.242" /><testcase classname="backend.tests.test_vivo_bi_api_v5.TestExistingEndpointsRegression" name="test_top_skus_country_kenya_sorted_by_total_sales_desc" time="6.628" /><testcase classname="backend.tests.test_vivo_bi_api_v5.TestExistingEndpointsRegression" name="test_sor_still_works" time="6.122" /><testcase classname="backend.tests.test_vivo_bi_api_v5.TestExistingEndpointsRegression" name="test_sor_country_kenya_sorted_by_sor_percent_desc" time="6.068" /><testcase classname="backend.tests.test_vivo_bi_api_v5.TestExistingEndpointsRegression" name="test_daily_trend_still_works" time="3.601" /><testcase classname="backend.tests.test_vivo_bi_api_v5.TestExistingEndpointsRegression" name="test_inventory_still_works" time="2.659" /><testcase classname="backend.tests.test_vivo_bi_api_v5.TestExistingEndpointsRegression" name="test_analytics_inventory_summary_still_works" time="2.672" /><testcase classname="backend.tests.test_vivo_bi_api_v5.TestExistingEndpointsRegression" name="test_analytics_low_stock_still_works" time="2.806" /><testcase classname="backend.tests.test_vivo_bi_api_v5.TestExistingEndpointsRegression" name="test_analytics_insights_still_works" time="7.329" /></testsuite></testsuites>