<?xml version="1.0" encoding="utf-8"?><testsuites name="pytest tests"><testsuite name="pytest" errors="0" failures="0" skipped="0" tests="24" time="94.206" timestamp="2026-04-17T12:18:21.777758+00:00" hostname="agent-env-08a75415-0b0e-4c37-9b31-a096a60f524b"><testcase classname="backend.tests.test_vivo_bi_api_v3.TestNewStylesEndpoint" name="test_new_styles_returns_list_with_required_fields" time="3.150" /><testcase classname="backend.tests.test_vivo_bi_api_v3.TestNewStylesEndpoint" name="test_new_styles_months_1_returns_fewer_or_equal" time="3.737" /><testcase classname="backend.tests.test_vivo_bi_api_v3.TestNewStylesEndpoint" name="test_new_styles_months_12_returns_more_or_equal" time="3.550" /><testcase classname="backend.tests.test_vivo_bi_api_v3.TestNewStylesEndpoint" name="test_new_styles_with_store_id_uganda" time="1.876" /><testcase classname="backend.tests.test_vivo_bi_api_v3.TestNewStylesEndpoint" name="test_new_styles_with_location_filter" time="2.032" /><testcase classname="backend.tests.test_vivo_bi_api_v3.TestNewStylesEndpoint" name="test_new_styles_sorting_by_launch_sort_desc_then_units_sold_desc" time="1.938" /><testcase classname="backend.tests.test_vivo_bi_api_v3.TestKpisPlusWithStoreIdFilter" name="test_kpis_plus_unfiltered_returns_group_wide" time="5.736" /><testcase classname="backend.tests.test_vivo_bi_api_v3.TestKpisPlusWithStoreIdFilter" name="test_kpis_plus_with_store_id_vivofashiongroup_returns_smaller_figures" time="11.752" /><testcase classname="backend.tests.test_vivo_bi_api_v3.TestKpisPlusWithStoreIdFilter" name="test_kpis_plus_with_store_id_uganda_returns_uganda_only" time="7.338" /><testcase classname="backend.tests.test_vivo_bi_api_v3.TestKpisPlusWithStoreIdFilter" name="test_kpis_plus_with_store_id_rwanda_returns_rwanda_only" time="16.992" /><testcase classname="backend.tests.test_vivo_bi_api_v3.TestKpisPlusWithStoreIdFilter" name="test_kpis_plus_previous_month_comparison" time="5.175" /><testcase classname="backend.tests.test_vivo_bi_api_v3.TestKpisPlusWithStoreIdFilter" name="test_kpis_plus_previous_year_comparison" time="5.319" /><testcase classname="backend.tests.test_vivo_bi_api_v3.TestExistingEndpointsRegression" name="test_root_endpoint" time="0.147" /><testcase classname="backend.tests.test_vivo_bi_api_v3.TestExistingEndpointsRegression" name="test_locations_endpoint" time="1.658" /><testcase classname="backend.tests.test_vivo_bi_api_v3.TestExistingEndpointsRegression" name="test_kpis_endpoint" time="1.920" /><testcase classname="backend.tests.test_vivo_bi_api_v3.TestExistingEndpointsRegression" name="test_sales_summary_endpoint" time="1.694" /><testcase classname="backend.tests.test_vivo_bi_api_v3.TestExistingEndpointsRegression" name="test_top_skus_endpoint" time="2.209" /><testcase classname="backend.tests.test_vivo_bi_api_v3.TestExistingEndpointsRegression" name="test_sor_endpoint" time="2.462" /><testcase classname="backend.tests.test_vivo_bi_api_v3.TestExistingEndpointsRegression" name="test_daily_trend_endpoint" time="1.694" /><testcase classname="backend.tests.test_vivo_bi_api_v3.TestExistingEndpointsRegression" name="test_inventory_endpoint" time="2.686" /><testcase classname="backend.tests.test_vivo_bi_api_v3.TestExistingEndpointsRegression" name="test_analytics_highlights_endpoint" time="3.723" /><testcase classname="backend.tests.test_vivo_bi_api_v3.TestExistingEndpointsRegression" name="test_analytics_by_country_endpoint" time="1.824" /><testcase classname="backend.tests.test_vivo_bi_api_v3.TestExistingEndpointsRegression" name="test_analytics_inventory_summary_endpoint" time="2.732" /><testcase classname="backend.tests.test_vivo_bi_api_v3.TestExistingEndpointsRegression" name="test_analytics_low_stock_endpoint" time="2.750" /></testsuite></testsuites>