<?xml version="1.0" encoding="utf-8"?><testsuites name="pytest tests"><testsuite name="pytest" errors="0" failures="0" skipped="0" tests="21" time="99.950" timestamp="2026-04-17T11:41:42.099182+00:00" hostname="agent-env-08a75415-0b0e-4c37-9b31-a096a60f524b"><testcase classname="backend.tests.test_vivo_bi_api_v2.TestRootEndpoint" name="test_root_returns_ok" time="0.229" /><testcase classname="backend.tests.test_vivo_bi_api_v2.TestLocationsEndpoint" name="test_locations_returns_list" time="2.384" /><testcase classname="backend.tests.test_vivo_bi_api_v2.TestKpisEndpoint" name="test_kpis_returns_all_fields" time="1.577" /><testcase classname="backend.tests.test_vivo_bi_api_v2.TestKpisEndpoint" name="test_kpis_with_location_filter" time="4.637" /><testcase classname="backend.tests.test_vivo_bi_api_v2.TestSalesSummaryEndpoint" name="test_sales_summary_returns_aggregates" time="1.718" /><testcase classname="backend.tests.test_vivo_bi_api_v2.TestTopSkusEndpoint" name="test_top_skus_with_limit" time="1.551" /><testcase classname="backend.tests.test_vivo_bi_api_v2.TestTopSkusEndpoint" name="test_top_skus_with_location_filter" time="5.066" /><testcase classname="backend.tests.test_vivo_bi_api_v2.TestSorEndpoint" name="test_sor_returns_items" time="2.237" /><testcase classname="backend.tests.test_vivo_bi_api_v2.TestDailyTrendEndpoint" name="test_daily_trend_returns_items" time="1.827" /><testcase classname="backend.tests.test_vivo_bi_api_v2.TestInventoryEndpoint" name="test_inventory_returns_list" time="2.959" /><testcase classname="backend.tests.test_vivo_bi_api_v2.TestInventoryEndpoint" name="test_inventory_filter_by_country" time="5.681" /><testcase classname="backend.tests.test_vivo_bi_api_v2.TestAnalyticsKpisPlus" name="test_kpis_plus_returns_augmented_fields" time="5.076" /><testcase classname="backend.tests.test_vivo_bi_api_v2.TestAnalyticsKpisPlus" name="test_kpis_plus_with_location" time="14.038" /><testcase classname="backend.tests.test_vivo_bi_api_v2.TestAnalyticsHighlights" name="test_highlights_returns_structure" time="3.361" /><testcase classname="backend.tests.test_vivo_bi_api_v2.TestAnalyticsByCountry" name="test_by_country_returns_sorted_list" time="1.765" /><testcase classname="backend.tests.test_vivo_bi_api_v2.TestAnalyticsInventorySummary" name="test_inventory_summary_returns_structure" time="2.831" /><testcase classname="backend.tests.test_vivo_bi_api_v2.TestAnalyticsLowStock" name="test_low_stock_with_threshold" time="2.988" /><testcase classname="backend.tests.test_vivo_bi_api_v2.TestAnalyticsLowStock" name="test_low_stock_with_location_filter" time="5.691" /><testcase classname="backend.tests.test_vivo_bi_api_v2.TestAnalyticsLowStock" name="test_low_stock_with_product_filter" time="6.007" /><testcase classname="backend.tests.test_vivo_bi_api_v2.TestNoUpstreamSalesDependency" name="test_endpoints_do_not_500_due_to_missing_sales" time="28.057" /><testcase classname="backend.tests.test_vivo_bi_api_v2.TestNoUpstreamSalesDependency" name="test_sales_endpoint_does_not_exist" time="0.103" /></testsuite></testsuites>