<?xml version="1.0" encoding="utf-8"?><testsuites name="pytest tests"><testsuite name="pytest" errors="0" failures="0" skipped="0" tests="25" time="4.558" timestamp="2026-05-08T15:07:16.751440+00:00" hostname="agent-env-51d15dfa-ad0e-4370-abb3-d6c0e1d1515e"><testcase classname="backend.tests.test_social.TestAuth" name="test_summary_unauth" time="0.689" /><testcase classname="backend.tests.test_social.TestAuth" name="test_classify_pending_assoc_forbidden" time="0.408" /><testcase classname="backend.tests.test_social.TestAuth" name="test_classify_pending_manager_ok" time="0.070" /><testcase classname="backend.tests.test_social.TestSummary" name="test_summary_shape_and_seed" time="0.186" /><testcase classname="backend.tests.test_social.TestPosts" name="test_list_posts" time="0.114" /><testcase classname="backend.tests.test_social.TestPosts" name="test_filter_platform" time="0.069" /><testcase classname="backend.tests.test_social.TestFeedback" name="test_all_classified" time="0.090" /><testcase classname="backend.tests.test_social.TestFeedback" name="test_filter_platform_dm" time="0.114" /><testcase classname="backend.tests.test_social.TestFeedback" name="test_filter_sentiment_positive" time="0.053" /><testcase classname="backend.tests.test_social.TestFeedback" name="test_filter_unmatched" time="0.065" /><testcase classname="backend.tests.test_social.TestFeedback" name="test_search_q" time="0.052" /><testcase classname="backend.tests.test_social.TestClassifierSanity" name="test_positive_and_negative_present" time="0.132" /><testcase classname="backend.tests.test_social.TestClassifierSanity" name="test_themes_vocab_only" time="0.066" /><testcase classname="backend.tests.test_social.TestMentionsInfluencersDMs" name="test_mentions" time="0.052" /><testcase classname="backend.tests.test_social.TestMentionsInfluencersDMs" name="test_influencers" time="0.097" /><testcase classname="backend.tests.test_social.TestMentionsInfluencersDMs" name="test_dms" time="0.056" /><testcase classname="backend.tests.test_social.TestHandlesTimeline" name="test_add_handle_backfills_and_timeline" time="0.330" /><testcase classname="backend.tests.test_social.TestHandlesTimeline" name="test_handle_invalid_platform" time="0.097" /><testcase classname="backend.tests.test_social.TestFeedbackLinkReply" name="test_link_and_reply" time="0.259" /><testcase classname="backend.tests.test_social.TestFeedbackLinkReply" name="test_associate_can_link_and_reply" time="0.385" /><testcase classname="backend.tests.test_social.TestAuditSocial" name="test_audit_contains_social_actions" time="0.458" /><testcase classname="backend.tests.test_social.TestAssocRoleMatrix" name="test_assoc_can_read_summary" time="0.109" /><testcase classname="backend.tests.test_social.TestAssocRoleMatrix" name="test_assoc_can_read_feedback" time="0.119" /><testcase classname="backend.tests.test_social.TestAssocRoleMatrix" name="test_assoc_can_read_mentions_and_influencers" time="0.222" /><testcase classname="backend.tests.test_social.TestAssocRoleMatrix" name="test_assoc_can_read_handles" time="0.115" /></testsuite></testsuites>