<?xml version="1.0" encoding="utf-8"?><testsuites name="pytest tests"><testsuite name="pytest" errors="0" failures="0" skipped="0" tests="14" time="5.504" timestamp="2026-05-08T15:43:29.963843+00:00" hostname="agent-env-51d15dfa-ad0e-4370-abb3-d6c0e1d1515e"><testcase classname="backend.tests.test_world_class.TestRfm" name="test_top_customers_eager_caches_with_tier" time="3.766" /><testcase classname="backend.tests.test_world_class.TestCallList" name="test_call_list_shape_mgr" time="0.074" /><testcase classname="backend.tests.test_world_class.TestCallList" name="test_call_list_assoc_allowed" time="0.153" /><testcase classname="backend.tests.test_world_class.TestCallList" name="test_call_list_unauth" time="0.205" /><testcase classname="backend.tests.test_world_class.TestAttribution" name="test_attribution_mgr" time="0.089" /><testcase classname="backend.tests.test_world_class.TestAttribution" name="test_attribution_assoc_forbidden" time="0.090" /><testcase classname="backend.tests.test_world_class.TestNba" name="test_nba_janet_mgr" time="0.067" /><testcase classname="backend.tests.test_world_class.TestNba" name="test_nba_cache_hit_fast" time="0.061" /><testcase classname="backend.tests.test_world_class.TestNba" name="test_nba_assoc_allowed" time="0.073" /><testcase classname="backend.tests.test_world_class.TestNba" name="test_nba_unauth" time="0.131" /><testcase classname="backend.tests.test_world_class.TestForget" name="test_forget_assoc_forbidden" time="0.326" /><testcase classname="backend.tests.test_world_class.TestForget" name="test_forget_mgr_redacts" time="0.221" /><testcase classname="backend.tests.test_world_class.TestAnniversaries" name="test_run_assoc_forbidden" time="0.061" /><testcase classname="backend.tests.test_world_class.TestAnniversaries" name="test_run_mgr_idempotent" time="0.120" /></testsuite></testsuites>